No worries guys! I just changed my outfit. I am still the same Scavenger you all know! Just thought that a 🦝 fits me better, as most times I am digging through the trash of the internet. Scavenger code is still inside: github.com/rndinfosecguy/Sca… #infosec #osint
GHOSTBIN.CO: ghostbin.co/paste/3mnjc/raw possibly contains credentials #databreach #email_leak #ghostbin #dataleak
GITHUB: The file github.com/elron/WorkFlowy-R… possibly contains a private key #github #leak #databreach
GHOSTBIN.CO: ghostbin.co/paste/3pw5f/raw possibly contains mail addresses #databreach #email_leak #ghostbin #dataleak
GITHUB: The file github.com/vlaskz/esp32-clic… possibly contains a ssh private key #github #leak #databreach
PASTEBIN: pastebin.com/raw/TbcrtgWJ possibly contains an IP address and password combination PASTEBIN: pastebin.com/raw/UzYfvVHi possibly contains a SQL dump #pastebin #databreach #dataleak
PASTEBIN: pastebin.com/raw/7FbzunKN possibly contains sensitive information #databreach #infoleak #leak #pastebin
GHOSTBIN.CO: ghostbin.co/paste/397oq/raw possibly contains mail addresses #databreach #email_leak #ghostbin #dataleak
GITHUB: The file github.com/petripartanen/Hak… possibly contains a .htpasswd file #github #leak #databreach
GHOSTBIN.CO: ghostbin.co/paste/3ux4n/raw possibly contains credentials #databreach #email_leak #ghostbin #dataleak
GHOSTBIN.CO: ghostbin.co/paste/48ehr/raw possibly contains credentials #databreach #email_leak #ghostbin #dataleak
GITHUB: The file github.com/dhanow/azure-iot/… possibly contains a ssh private key #github #leak #databreach
GITHUB: The file github.com/Danya-Mudaifea/pr… possibly contains a ssh private key #github #leak #databreach
GHOSTBIN.CO: ghostbin.co/paste/2geb4/raw possibly contains credentials #databreach #email_leak #ghostbin #dataleak
GITHUB: The file github.com/doanthuvan/imlp_g… possibly contains a private key #github #leak #databreach
GITHUB: The file github.com/luckvicky/RSA-net… possibly contains a ssh private key #github #leak #databreach
GITHUB: The file github.com/cmohammadc/symfon… possibly contains a ssh private key #github #leak #databreach
GHOSTBIN.CO: ghostbin.co/paste/29byz/raw possibly contains credentials #databreach #email_leak #ghostbin #dataleak
GITHUB: The file github.com/BruceSniper/gopat… possibly contains a ssh private key #github #leak #databreach
GHOSTBIN.CO: ghostbin.co/paste/47nw4/raw possibly contains credentials #databreach #email_leak #ghostbin #dataleak
GITHUB: The file github.com/TorsionGroup/tors… possibly contains a private key #github #leak #databreach
GHOSTBIN.CO: ghostbin.co/paste/23r8f/raw possibly contains mail addresses #databreach #email_leak #ghostbin #dataleak
GHOSTBIN.CO: ghostbin.co/paste/37ads/raw possibly contains credentials #databreach #email_leak #ghostbin #dataleak
GITHUB: The file github.com/regisoda/codeedu-… possibly contains a ssh private key #github #leak #databreach
GHOSTBIN.CO: ghostbin.co/paste/4cmzs/raw possibly contains credentials #databreach #email_leak #ghostbin #dataleak
GITHUB: The file github.com/shunyaYoshimra/sa… possibly contains a ssh private key #github #leak #databreach
GITHUB: The file github.com/bean0234/bini/blo… possibly contains a putty ssh private key file #github #leak #databreach
GITHUB: The file github.com/rocksman/webrtc-p… possibly contains a ssh private key #github #leak #databreach
GITHUB: The file github.com/isir-service/open… possibly contains a ssh private key #github #leak #databreach
GHOSTBIN.CO: ghostbin.co/paste/3s85h/raw possibly contains credentials #databreach #email_leak #ghostbin #dataleak
GHOSTBIN.CO: ghostbin.co/paste/38g4h/raw possibly contains credentials #databreach #email_leak #ghostbin #dataleak
GITHUB: The file github.com/lucpattyn/webmedi… possibly contains a private key #github #leak #databreach
GHOSTBIN.CO: ghostbin.co/paste/2xztj/raw possibly contains credentials #databreach #email_leak #ghostbin #dataleak
GHOSTBIN.CO: ghostbin.co/paste/2nvz7/raw possibly contains credentials #databreach #email_leak #ghostbin #dataleak
GITHUB: The file github.com/chainsaws-dev/web… possibly contains a private key #github #leak #databreach
GHOSTBIN.CO: ghostbin.co/paste/33nca/raw possibly contains mail addresses #databreach #email_leak #ghostbin #dataleak
GHOSTBIN.CO: ghostbin.co/paste/3mn85/raw possibly contains mail addresses #databreach #email_leak #ghostbin #dataleak
GHOSTBIN.CO: ghostbin.co/paste/4b4as/raw possibly contains credentials #databreach #email_leak #ghostbin #dataleak
GITHUB: The file github.com/nguyenducnam4796/… possibly contains a mail configuration #github #leak #databreach
GHOSTBIN.CO: ghostbin.co/paste/3awc8/raw possibly contains credentials #databreach #email_leak #ghostbin #dataleak
GITHUB: The file github.com/edurenye/pigall-w… possibly contains a private key #github #leak #databreach
GITHUB: The file github.com/boot-vue/app/blob… possibly contains a private key #github #leak #databreach
GITHUB: The file github.com/suhealpasha/codif… possibly contains a .htpasswd file #github #leak #databreach
GHOSTBIN.CO: ghostbin.co/paste/36rn4/raw possibly contains credentials #databreach #email_leak #ghostbin #dataleak
GHOSTBIN.CO: ghostbin.co/paste/3w2fq/raw possibly contains credentials #databreach #email_leak #ghostbin #dataleak
GHOSTBIN.CO: ghostbin.co/paste/45zgq/raw possibly contains credentials #databreach #email_leak #ghostbin #dataleak
GITHUB: The file github.com/wangzizheng222/ta… possibly contains a ssh private key #github #leak #databreach
GITHUB: The file github.com/siyangc/Metabolom… possibly contains a ssh private key #github #leak #databreach
GHOSTBIN.CO: ghostbin.co/paste/3ojuc/raw possibly contains credentials #databreach #email_leak #ghostbin #dataleak
GITHUB: The file github.com/minahua/learn_pyt… possibly contains a private key #github #leak #databreach
GHOSTBIN.CO: ghostbin.co/paste/3fbn5/raw possibly contains credentials #databreach #email_leak #ghostbin #dataleak
GHOSTBIN.CO: ghostbin.co/paste/49nsz/raw possibly contains credentials #databreach #email_leak #ghostbin #dataleak
GITHUB: The file github.com/GCPBigData/gRPC/b… possibly contains a private key #github #leak #databreach
GITHUB: The file github.com/FashtimeDotCom/M2… possibly contains a ssh private key #github #leak #databreach
GHOSTBIN.CO: ghostbin.co/paste/2mu6p/raw possibly contains mail addresses #databreach #email_leak #ghostbin #dataleak
GITHUB: The file github.com/diyajaiswal11/Cha… possibly contains a private key #github #leak #databreach
GHOSTBIN.CO: ghostbin.co/paste/3ofaw/raw possibly contains credentials #databreach #email_leak #ghostbin #dataleak
GITHUB: The file github.com/mkastoun/rls-lara… possibly contains a putty ssh private key file #github #leak #databreach
GHOSTBIN.CO: ghostbin.co/paste/3dsbo/raw possibly contains credentials #databreach #email_leak #ghostbin #dataleak
GITHUB: The file github.com/rajpatel-rp7/crow… possibly contains a ssh private key #github #leak #databreach
GITHUB: The file github.com/Daniel7842900/pro… possibly contains a ssh private key #github #leak #databreach
GHOSTBIN.CO: ghostbin.co/paste/3t3hs/raw possibly contains credentials #databreach #email_leak #ghostbin #dataleak
GHOSTBIN.CO: ghostbin.co/paste/2uoh6/raw possibly contains credentials #databreach #email_leak #ghostbin #dataleak
GHOSTBIN.CO: ghostbin.co/paste/4d4y2/raw possibly contains credentials #databreach #email_leak #ghostbin #dataleak
GHOSTBIN.CO: ghostbin.co/paste/2xpm8/raw possibly contains credentials #databreach #email_leak #ghostbin #dataleak
GHOSTBIN.CO: ghostbin.co/paste/29362/raw possibly contains credentials #databreach #email_leak #ghostbin #dataleak
GITHUB: The file github.com/juniosilvac/prove… possibly contains a ssh private key #github #leak #databreach
GHOSTBIN.CO: ghostbin.co/paste/3q266/raw possibly contains credentials #databreach #email_leak #ghostbin #dataleak
GHOSTBIN.CO: ghostbin.co/paste/383cb/raw possibly contains credentials #databreach #email_leak #ghostbin #dataleak
GITHUB: The file github.com/R-Hys/getGPS/blob… possibly contains a ssh private key #github #leak #databreach
GITHUB: The file github.com/keiwatanabe0218/s… possibly contains a ssh private key #github #leak #databreach
GITHUB: The file github.com/ashinlaurel/vidch… possibly contains a ssh private key #github #leak #databreach
GHOSTBIN.CO: ghostbin.co/paste/3dvw4/raw possibly contains credentials #databreach #email_leak #ghostbin #dataleak
GHOSTBIN.CO: ghostbin.co/paste/4kxo5/raw possibly contains credentials #databreach #email_leak #ghostbin #dataleak
GHOSTBIN.CO: ghostbin.co/paste/4jhrf/raw possibly contains credentials #databreach #email_leak #ghostbin #dataleak
PASTEBIN: pastebin.com/raw/pY376SX2 possibly contains sensitive information #databreach #infoleak #leak #pastebin
GITHUB: The file github.com/vkill/rust-tls-cl… possibly contains a private key #github #leak #databreach
GHOSTBIN.CO: ghostbin.co/paste/3nvjf/raw possibly contains credentials #databreach #email_leak #ghostbin #dataleak
GITHUB: The file github.com/suulcoder/waterPr… possibly contains a ssh private key #github #leak #databreach
GHOSTBIN.CO: ghostbin.co/paste/3xfya/raw possibly contains credentials #databreach #email_leak #ghostbin #dataleak
GITHUB: The file github.com/SmartPracticescho… possibly contains a ssh private key #github #leak #databreach
GHOSTBIN.CO: ghostbin.co/paste/3yy9g/raw possibly contains credentials #databreach #email_leak #ghostbin #dataleak
GITHUB: The file github.com/xiepanpan/Tomcat8… possibly contains a private key #github #leak #databreach
Added every unique password ⁦@leak_scavenger⁩ identified on 0paste.com now (about 10000) #infosec #osint github.com/rndinfosecguy/pas…
GHOSTBIN.CO: ghostbin.co/paste/3bhb2/raw possibly contains credentials #databreach #email_leak #ghostbin #dataleak
GHOSTBIN.CO: ghostbin.co/paste/2uapk/raw possibly contains credentials #databreach #email_leak #ghostbin #dataleak
GITHUB: The file github.com/lwross/RapidDev/b… possibly contains a ssh private key #github #leak #databreach
GHOSTBIN.CO: ghostbin.co/paste/4jhmv/raw possibly contains mail addresses #databreach #email_leak #ghostbin #dataleak
GHOSTBIN.CO: ghostbin.co/paste/24e68/raw possibly contains credentials #databreach #email_leak #ghostbin #dataleak
GITHUB: The file github.com/quantrocket/Boost… possibly contains a ssh private key #github #leak #databreach
GHOSTBIN.CO: ghostbin.co/paste/3djjp/raw possibly contains credentials #databreach #email_leak #ghostbin #dataleak
GHOSTBIN.CO: ghostbin.co/paste/3fu86/raw possibly contains credentials #databreach #email_leak #ghostbin #dataleak
GITHUB: The file github.com/RuthLechuga/-Semi… possibly contains a putty ssh private key file #github #leak #databreach
GHOSTBIN.CO: ghostbin.co/paste/3zhyu/raw possibly contains credentials #databreach #email_leak #ghostbin #dataleak
PASTEBIN: pastebin.com/raw/Dc07LuqL possibly contains an IP address and password combination PASTEBIN: pastebin.com/raw/4udFEBJY possibly contains an IP address and password combination #pastebin #databreach #dataleak
GITHUB: The file github.com/nakamura0736/lara… possibly contains a ssh private key #github #leak #databreach
GITHUB: The file github.com/RuthLechuga/-Semi… possibly contains a putty ssh private key file #github #leak #databreach
GHOSTBIN.CO: ghostbin.co/paste/3j9r8/raw possibly contains credentials #databreach #email_leak #ghostbin #dataleak
GHOSTBIN.CO: ghostbin.co/paste/3qxq9/raw possibly contains mail addresses #databreach #email_leak #ghostbin #dataleak
GITHUB: The file github.com/BenoitDherin/coll… possibly contains a filezilla configuration file #github #leak #databreach
GHOSTBIN.CO: ghostbin.co/paste/3hk27/raw possibly contains credentials #databreach #email_leak #ghostbin #dataleak
GHOSTBIN.CO: ghostbin.co/paste/2o2t7/raw possibly contains mail addresses #databreach #email_leak #ghostbin #dataleak
GITHUB: The file github.com/ayaka-8/message_b… possibly contains a mail configuration #github #leak #databreach
GHOSTBIN.CO: ghostbin.co/paste/3uvrg/raw possibly contains a SQL dump #databreach #sql_leak #ghostbin #dataleak
GITHUB: The file github.com/fhferreira/simple… possibly contains a .htpasswd file #github #leak #databreach
GITHUB: The file github.com/avanik123/my-djan… possibly contains a ssh private key #github #leak #databreach
GHOSTBIN.CO: ghostbin.co/paste/3qdo6/raw possibly contains credentials #databreach #email_leak #ghostbin #dataleak
GHOSTBIN.CO: ghostbin.co/paste/4c4m6/raw possibly contains credentials #databreach #email_leak #ghostbin #dataleak
GHOSTBIN.CO: ghostbin.co/paste/33gzm/raw possibly contains credentials #databreach #email_leak #ghostbin #dataleak
GITHUB: The file github.com/jean0828/App/blob… possibly contains a ssh private key #github #leak #databreach
GHOSTBIN.CO: ghostbin.co/paste/3vj8g/raw possibly contains credentials #databreach #email_leak #ghostbin #dataleak
GHOSTBIN.CO: ghostbin.co/paste/4eut7/raw possibly contains credentials #databreach #email_leak #ghostbin #dataleak
GITHUB: The file github.com/casualoak/esp8266… possibly contains a ssh private key #github #leak #databreach
PASTEBIN: pastebin.com/raw/axSNjXff possibly contains sensitive information #databreach #infoleak #leak #pastebin
GITHUB: The file github.com/varunsridharan/la… possibly contains a private key #github #leak #databreach
Added top10000 list and a list with all unique passwords used in ghostbin.co leaks @leak_scavenger identified (about 400000). (The biggest list is not clean and still has some false positives) github.com/rndinfosecguy/pas… #infosec #osint
GITHUB: The file github.com/viraatdas/Model-R… possibly contains a ssh private key #github #leak #databreach
GITHUB: The file github.com/razekmh/Course-Su… possibly contains a private key #github #leak #databreach
GHOSTBIN.CO: ghostbin.co/paste/2j2gx/raw possibly contains credentials #databreach #email_leak #ghostbin #dataleak
GHOSTBIN.CO: ghostbin.co/paste/45vs2/raw possibly contains credentials #databreach #email_leak #ghostbin #dataleak
GHOSTBIN.CO: ghostbin.co/paste/2879t/raw possibly contains credentials #databreach #email_leak #ghostbin #dataleak
GITHUB: The file github.com/FadlyFatur/KPAhli… possibly contains a mail configuration #github #leak #databreach
PASTEBIN: pastebin.com/raw/pVkXeK3W possibly contains sensitive information #databreach #infoleak #leak #pastebin
GHOSTBIN.CO: ghostbin.co/paste/3zr7j/raw possibly contains a SQL dump #databreach #sql_leak #ghostbin #dataleak
GITHUB: The file github.com/sputnick-dev/xmls… possibly contains a ssh private key #github #leak #databreach
GITHUB: The file github.com/andrewrothstein/a… possibly contains a ssh private key #github #leak #databreach
GITHUB: The file github.com/QuanVan95/laravel… possibly contains a ssh private key #github #leak #databreach
GHOSTBIN.CO: ghostbin.co/paste/3wg58/raw possibly contains credentials #databreach #email_leak #ghostbin #dataleak
GITHUB: The file github.com/JudyTaponot/wecha… possibly contains a private key #github #leak #databreach
GHOSTBIN.CO: ghostbin.co/paste/36obp/raw possibly contains mail addresses #databreach #email_leak #ghostbin #dataleak
GHOSTBIN.CO: ghostbin.co/paste/38tu7/raw possibly contains credentials #databreach #email_leak #ghostbin #dataleak
PASTEBIN: pastebin.com/raw/Kjwr56ex possibly contains an IP address and password combination PASTEBIN: pastebin.com/raw/Qrt7Uyes possibly contains a SQL dump #pastebin #databreach #dataleak
GHOSTBIN.CO: ghostbin.co/paste/33arr/raw possibly contains credentials #databreach #email_leak #ghostbin #dataleak
GITHUB: The file github.com/Tominator87/Appli… possibly contains a .htpasswd file #github #leak #databreach
GHOSTBIN.CO: ghostbin.co/paste/3ge3p/raw possibly contains credentials #databreach #email_leak #ghostbin #dataleak
GITHUB: The file github.com/13015711957/12306… possibly contains a ssh private key #github #leak #databreach
GHOSTBIN.CO: ghostbin.co/paste/37v7j/raw possibly contains credentials #databreach #email_leak #ghostbin #dataleak
GHOSTBIN.CO: ghostbin.co/paste/43pfs/raw possibly contains mail addresses #databreach #email_leak #ghostbin #dataleak
GHOSTBIN.CO: ghostbin.co/paste/4fd7g/raw possibly contains mail addresses #databreach #email_leak #ghostbin #dataleak
GITHUB: The file github.com/PavelNazarov/Java… possibly contains a ssh private key #github #leak #databreach
GITHUB: The file github.com/ISR3942/Jenkins/b… possibly contains a ssh private key #github #leak #databreach
GHOSTBIN.CO: ghostbin.co/paste/3vd9b/raw possibly contains credentials #databreach #email_leak #ghostbin #dataleak
Started a repository with password lists generated from the data @leak_scavenger collected over the time. The lists are ranked and anonymized. Started with ghostbin.co Others will follow the next days github.com/rndinfosecguy/pas… #osint #infosec
GITHUB: The file github.com/fecym/daily-serve… possibly contains a ssh private key #github #leak #databreach
GITHUB: The file github.com/rokitech/nlubot/b… possibly contains a private key #github #leak #databreach
GHOSTBIN.CO: ghostbin.co/paste/39ron/raw possibly contains mail addresses #databreach #email_leak #ghostbin #dataleak
GHOSTBIN.CO: ghostbin.co/paste/2wj2b/raw possibly contains credentials #databreach #email_leak #ghostbin #dataleak
GITHUB: The file github.com/zs18015552/Proyec… possibly contains a ssh private key #github #leak #databreach
GHOSTBIN.CO: ghostbin.co/paste/42twm/raw possibly contains credentials #databreach #email_leak #ghostbin #dataleak
GITHUB: The file github.com/ciwei100000/gdcm/… possibly contains a ssh private key #github #leak #databreach
GHOSTBIN.CO: ghostbin.co/paste/4fhx4/raw possibly contains mail addresses #databreach #email_leak #ghostbin #dataleak
GITHUB: The file github.com/mike123666/Privac… possibly contains a ssh private key #github #leak #databreach
GHOSTBIN.CO: ghostbin.co/paste/2kpqf/raw possibly contains credentials #databreach #email_leak #ghostbin #dataleak
GHOSTBIN.CO: ghostbin.co/paste/38cq7/raw possibly contains credentials #databreach #email_leak #ghostbin #dataleak
GHOSTBIN.CO: ghostbin.co/paste/34bsg/raw possibly contains credentials #databreach #email_leak #ghostbin #dataleak
GITHUB: The file github.com/Rui-Santos/BitFlo… possibly contains a ssh private key #github #leak #databreach
GHOSTBIN.CO: ghostbin.co/paste/3sd97/raw possibly contains mail addresses #databreach #email_leak #ghostbin #dataleak
GHOSTBIN.CO: ghostbin.co/paste/226qf/raw possibly contains credentials #databreach #email_leak #ghostbin #dataleak
GITHUB: The file github.com/tkomagata/hello-w… possibly contains a private key #github #leak #databreach
GHOSTBIN.CO: ghostbin.co/paste/244rm/raw possibly contains credentials #databreach #email_leak #ghostbin #dataleak
GHOSTBIN.CO: ghostbin.co/paste/4juub/raw possibly contains credentials #databreach #email_leak #ghostbin #dataleak
GHOSTBIN.CO: ghostbin.co/paste/39hg3/raw possibly contains credentials #databreach #email_leak #ghostbin #dataleak
GHOSTBIN.CO: ghostbin.co/paste/39wmq/raw possibly contains credentials #databreach #email_leak #ghostbin #dataleak
GITHUB: The file github.com/lukechn99/summer_… possibly contains a ssh private key #github #leak #databreach
GHOSTBIN.CO: ghostbin.co/paste/2pz94/raw possibly contains credentials #databreach #email_leak #ghostbin #dataleak
PASTEBIN: pastebin.com/raw/wkRyjsTh possibly contains sensitive information #databreach #infoleak #leak #pastebin
GHOSTBIN.CO: ghostbin.co/paste/4j25a/raw possibly contains credentials #databreach #email_leak #ghostbin #dataleak
GITHUB: The file github.com/MartyBurns/OpenES… possibly contains a ssh private key #github #leak #databreach
GHOSTBIN.CO: ghostbin.co/paste/28np4/raw possibly contains credentials #databreach #email_leak #ghostbin #dataleak
GHOSTBIN.CO: ghostbin.co/paste/3et85/raw possibly contains credentials #databreach #email_leak #ghostbin #dataleak
GHOSTBIN.CO: ghostbin.co/paste/3fv2y/raw possibly contains onion links #databreach #onion_leak #ghostbin #dataleak
GITHUB: The file github.com/H-Areeb/autohapa/… possibly contains a mail configuration #github #leak #databreach
GITHUB: The file github.com/tjzhang1993/tjzha… possibly contains a private key #github #leak #databreach
GHOSTBIN.CO: ghostbin.co/paste/3uanp/raw possibly contains credentials #databreach #email_leak #ghostbin #dataleak
GHOSTBIN.CO: ghostbin.co/paste/2692m/raw possibly contains credentials #databreach #email_leak #ghostbin #dataleak
GHOSTBIN.CO: ghostbin.co/paste/3ksod/raw possibly contains credentials #databreach #email_leak #ghostbin #dataleak
GHOSTBIN.CO: ghostbin.co/paste/3epv8/raw possibly contains mail addresses #databreach #email_leak #ghostbin #dataleak
GHOSTBIN.CO: ghostbin.co/paste/47phj/raw possibly contains credentials #databreach #email_leak #ghostbin #dataleak
GITHUB: The file github.com/CAIS-ACSI/website… possibly contains a .htpasswd file #github #leak #databreach
GITHUB: The file github.com/LiamNCAT/WebID-Ba… possibly contains a ssh private key #github #leak #databreach
GHOSTBIN.CO: ghostbin.co/paste/2397e/raw possibly contains credentials #databreach #email_leak #ghostbin #dataleak
GITHUB: The file github.com/pmongeon/pmongeon… possibly contains a .htpasswd file #github #leak #databreach
GHOSTBIN.CO: ghostbin.co/paste/2eeg7/raw possibly contains credentials #databreach #email_leak #ghostbin #dataleak
GITHUB: The file github.com/wigglestechnologi… possibly contains a ssh private key #github #leak #databreach
GITHUB: The file github.com/faranalytics/apis… possibly contains a ssh private key #github #leak #databreach
GHOSTBIN.CO: ghostbin.co/paste/4gav7/raw possibly contains credentials #databreach #email_leak #ghostbin #dataleak
GHOSTBIN.CO: ghostbin.co/paste/45xau/raw possibly contains mail addresses #databreach #email_leak #ghostbin #dataleak
GHOSTBIN.CO: ghostbin.co/paste/2e3em/raw possibly contains credentials #databreach #email_leak #ghostbin #dataleak
GHOSTBIN.CO: ghostbin.co/paste/3joxv/raw possibly contains credentials #databreach #email_leak #ghostbin #dataleak
GITHUB: The file github.com/tow-calc/calculat… possibly contains a .htpasswd file #github #leak #databreach
GHOSTBIN.CO: ghostbin.co/paste/2dnsj/raw possibly contains credentials #databreach #email_leak #ghostbin #dataleak
GHOSTBIN.CO: ghostbin.co/paste/2pb6t/raw possibly contains credentials #databreach #email_leak #ghostbin #dataleak
GHOSTBIN.CO: ghostbin.co/paste/447h6/raw possibly contains mail addresses #databreach #email_leak #ghostbin #dataleak
GITHUB: The file github.com/codeoliveira/api-… possibly contains a ssh private key #github #leak #databreach
GITHUB: The file github.com/mabouza/walletobj… possibly contains a ssh private key #github #leak #databreach
GHOSTBIN.CO: ghostbin.co/paste/4bgxt/raw possibly contains credentials #databreach #email_leak #ghostbin #dataleak
GITHUB: The file github.com/pombredanne/nova-… possibly contains a ssh private key #github #leak #databreach
GHOSTBIN.CO: ghostbin.co/paste/4gaua/raw possibly contains credentials #databreach #email_leak #ghostbin #dataleak
GITHUB: The file github.com/johnnncodes/bicol… possibly contains a .htpasswd file #github #leak #databreach
GHOSTBIN.CO: ghostbin.co/paste/2er2e/raw possibly contains credentials #databreach #email_leak #ghostbin #dataleak
GHOSTBIN.CO: ghostbin.co/paste/3z9k7/raw possibly contains credentials #databreach #email_leak #ghostbin #dataleak
GITHUB: The file github.com/samaprk/sampark9/… possibly contains a private key #github #leak #databreach
GHOSTBIN.CO: ghostbin.co/paste/2eaqx/raw possibly contains credentials #databreach #email_leak #ghostbin #dataleak
GITHUB: The file github.com/Bassel-A-Elazab/L… possibly contains a ssh private key #github #leak #databreach
GHOSTBIN.CO: ghostbin.co/paste/27z6z/raw possibly contains mail addresses #databreach #email_leak #ghostbin #dataleak
GHOSTBIN.CO: ghostbin.co/paste/4bwkj/raw possibly contains credentials #databreach #email_leak #ghostbin #dataleak
GITHUB: The file github.com/cezarc/EPESI/blob… possibly contains a ssh private key #github #leak #databreach
GHOSTBIN.CO: ghostbin.co/paste/3nqt2/raw possibly contains credentials #databreach #email_leak #ghostbin #dataleak
GHOSTBIN.CO: ghostbin.co/paste/45p9q/raw possibly contains credentials #databreach #email_leak #ghostbin #dataleak
GITHUB: The file github.com/indutny/stud/blob… possibly contains a ssh private key #github #leak #databreach
GHOSTBIN.CO: ghostbin.co/paste/4jr8d/raw possibly contains credentials #databreach #email_leak #ghostbin #dataleak
GHOSTBIN.CO: ghostbin.co/paste/35p7f/raw possibly contains mail addresses #databreach #email_leak #ghostbin #dataleak
GHOSTBIN.CO: ghostbin.co/paste/24ock/raw possibly contains credentials #databreach #email_leak #ghostbin #dataleak
GITHUB: The file github.com/zoidbergZA/github… possibly contains a ssh private key #github #leak #databreach
GITHUB: The file github.com/CSRBapp/CSRBbin/b… possibly contains a ssh private key #github #leak #databreach
GHOSTBIN.CO: ghostbin.co/paste/2bsrn/raw possibly contains credentials #databreach #email_leak #ghostbin #dataleak
GHOSTBIN.CO: ghostbin.co/paste/37wtg/raw possibly contains credentials #databreach #email_leak #ghostbin #dataleak
GITHUB: The file github.com/input-output-hk/b… possibly contains a ssh private key #github #leak #databreach
GITHUB: The file github.com/efikarl/liano/blo… possibly contains a private key #github #leak #databreach
GITHUB: The file github.com/ellog/spdy_test/b… possibly contains a ssh private key #github #leak #databreach
started to build a webshell to get rid of heavy ones in a pentest just to test which php functions are disabled. Maybe I missed something but never found a simple shell which makes use of different functions. Was tired of googling it everytime #infosec github.com/rndinfosecguy/laz…
GITHUB: The file github.com/Project-LegionOS/… possibly contains a ssh private key #github #leak #databreach
GHOSTBIN.CO: ghostbin.co/paste/3x7sd/raw possibly contains credentials #databreach #email_leak #ghostbin #dataleak
GHOSTBIN.CO: ghostbin.co/paste/48j7j/raw possibly contains credentials #databreach #email_leak #ghostbin #dataleak
GITHUB: The file github.com/java66liu/tomcat7… possibly contains a ssh private key #github #leak #databreach
Hey guys, here is a updated zip file with every paste @leak_scavenger crawled on ghostbin.co regardless if the bot detected sensitive stuff inside or not (19810 pastes) got-hacked.wtf/ghostbin.co_1… #infosec #osint
GITHUB: The file github.com/Li-Zhijian2000/re… possibly contains a ssh private key #github #leak #databreach
GHOSTBIN.CO: ghostbin.co/paste/2ggyj/raw possibly contains credentials #databreach #email_leak #ghostbin #dataleak
GHOSTBIN.CO: ghostbin.co/paste/2f6ye/raw possibly contains credentials #databreach #email_leak #ghostbin #dataleak
GHOSTBIN.CO: ghostbin.co/paste/3e9b3/raw possibly contains credentials #databreach #email_leak #ghostbin #dataleak
GITHUB: The file github.com/radtek/K4Y.AMCAS.… possibly contains a ssh private key #github #leak #databreach
GHOSTBIN.CO: ghostbin.co/paste/3ppmb/raw possibly contains credentials #databreach #email_leak #ghostbin #dataleak
GHOSTBIN.CO: ghostbin.co/paste/3m9vn/raw possibly contains credentials #databreach #email_leak #ghostbin #dataleak
GITHUB: The file github.com/RyanJTalbot/NuCam… possibly contains a filezilla configuration file #github #leak #databreach
GITHUB: The file github.com/regras/J-sdhash/b… possibly contains a ssh private key #github #leak #databreach
GHOSTBIN.CO: ghostbin.co/paste/48kov/raw possibly contains credentials #databreach #email_leak #ghostbin #dataleak
PASTEBIN: pastebin.com/raw/5iJhcCwH possibly contains a SQL dump PASTEBIN: pastebin.com/raw/vsD5gkJ3 possibly contains an IP address and password combination #pastebin #databreach #dataleak
GHOSTBIN.CO: ghostbin.co/paste/2m2jt/raw possibly contains credentials #databreach #email_leak #ghostbin #dataleak
GHOSTBIN.CO: ghostbin.co/paste/3jmkf/raw possibly contains credentials #databreach #email_leak #ghostbin #dataleak
GITHUB: The file github.com/kala55/pywebsocke… possibly contains a ssh private key #github #leak #databreach
GITHUB: The file github.com/buzzingcookie/vib… possibly contains a mail configuration #github #leak #databreach
GITHUB: The file github.com/GaileAlex/cv/blob… possibly contains a ssh private key #github #leak #databreach
GHOSTBIN.CO: ghostbin.co/paste/3wqwc/raw possibly contains credentials #databreach #email_leak #ghostbin #dataleak
GITHUB: The file github.com/crdroidandroid/an… possibly contains a ssh private key #github #leak #databreach
GHOSTBIN.CO: ghostbin.co/paste/2tqdx/raw possibly contains credentials #databreach #email_leak #ghostbin #dataleak
GHOSTBIN.CO: ghostbin.co/paste/464ds/raw possibly contains credentials #databreach #email_leak #ghostbin #dataleak
GITHUB: The file github.com/gigastar/TFS-Cast… possibly contains a ssh private key #github #leak #databreach
GHOSTBIN.CO: ghostbin.co/paste/465ky/raw possibly contains credentials #databreach #email_leak #ghostbin #dataleak
GITHUB: The file github.com/ballcyber53/Exam_… possibly contains a mail configuration #github #leak #databreach
GHOSTBIN.CO: ghostbin.co/paste/29a2c/raw possibly contains credentials #databreach #email_leak #ghostbin #dataleak
GHOSTBIN.CO: ghostbin.co/paste/46rzn/raw possibly contains onion links #databreach #onion_leak #ghostbin #dataleak
GITHUB: The file github.com/sorumehta/pizza_a… possibly contains a private key #github #leak #databreach
GHOSTBIN.CO: ghostbin.co/paste/3bxd9/raw possibly contains credentials #databreach #email_leak #ghostbin #dataleak
GITHUB: The file github.com/haseebkhan2651/re… possibly contains a putty ssh private key file #github #leak #databreach
GHOSTBIN.CO: ghostbin.co/paste/44h56/raw possibly contains credentials #databreach #email_leak #ghostbin #dataleak
GITHUB: The file github.com/espisepi/joseange… possibly contains a private key #github #leak #databreach
GHOSTBIN.CO: ghostbin.co/paste/2nvto/raw possibly contains credentials #databreach #email_leak #ghostbin #dataleak
GITHUB: The file github.com/delphe/auto-assig… possibly contains a ssh private key #github #leak #databreach
GHOSTBIN.CO: ghostbin.co/paste/2h2s3/raw possibly contains mail addresses #databreach #email_leak #ghostbin #dataleak
GITHUB: The file github.com/t-ion/Stage4_Week… possibly contains a ssh private key #github #leak #databreach
GHOSTBIN.CO: ghostbin.co/paste/32bft/raw possibly contains credentials #databreach #email_leak #ghostbin #dataleak
GITHUB: The file github.com/eebbesen/minutes_… possibly contains a ssh private key #github #leak #databreach
GHOSTBIN.CO: ghostbin.co/paste/3j4q3/raw possibly contains credentials #databreach #email_leak #ghostbin #dataleak
GITHUB: The file github.com/Project-LegionOS/… possibly contains a ssh private key #github #leak #databreach
GHOSTBIN.CO: ghostbin.co/paste/3rjf9/raw possibly contains credentials #databreach #email_leak #ghostbin #dataleak
GITHUB: The file github.com/codeivate/Codeiva… possibly contains a private key #github #leak #databreach
GHOSTBIN.CO: ghostbin.co/paste/36cnn/raw possibly contains credentials #databreach #email_leak #ghostbin #dataleak
GITHUB: The file github.com/EPNW/dumble/blob/… possibly contains a ssh private key #github #leak #databreach
GHOSTBIN.CO: ghostbin.co/paste/26a46/raw possibly contains credentials #databreach #email_leak #ghostbin #dataleak
GHOSTBIN.CO: ghostbin.co/paste/3t7r9/raw possibly contains credentials #databreach #email_leak #ghostbin #dataleak
GHOSTBIN.CO: ghostbin.co/paste/2xber/raw possibly contains mail addresses #databreach #email_leak #ghostbin #dataleak
GHOSTBIN.CO: ghostbin.co/paste/49pcm/raw possibly contains credentials #databreach #email_leak #ghostbin #dataleak
GITHUB: The file github.com/XelaRellum/libsvn… possibly contains a private key #github #leak #databreach
GITHUB: The file github.com/lixiaotong22/zego… possibly contains a ssh private key #github #leak #databreach
GITHUB: The file github.com/quy1990/laravel-l… possibly contains a mail configuration #github #leak #databreach
GITHUB: The file github.com/collabnix/terrafo… possibly contains a ssh private key #github #leak #databreach
GHOSTBIN.CO: ghostbin.co/paste/49jd7/raw possibly contains mail addresses #databreach #email_leak #ghostbin #dataleak
GHOSTBIN.CO: ghostbin.co/paste/25hgx/raw possibly contains credentials #databreach #email_leak #ghostbin #dataleak
GITHUB: The file github.com/pcraston/pyxmlsec… possibly contains a ssh private key #github #leak #databreach
GITHUB: The file github.com/linuxadvise/terra… possibly contains a ssh private key #github #leak #databreach
GITHUB: The file github.com/aokazu55/win_app/… possibly contains a ssh private key #github #leak #databreach
GHOSTBIN.CO: ghostbin.co/paste/242yv/raw possibly contains credentials #databreach #email_leak #ghostbin #dataleak
GHOSTBIN.CO: ghostbin.co/paste/45ntz/raw possibly contains credentials #databreach #email_leak #ghostbin #dataleak
GHOSTBIN.CO: ghostbin.co/paste/29yyr/raw possibly contains credentials #databreach #email_leak #ghostbin #dataleak
GITHUB: The file github.com/mtomov/knowbox/bl… possibly contains a private key #github #leak #databreach
GHOSTBIN.CO: ghostbin.co/paste/45tbq/raw possibly contains credentials #databreach #email_leak #ghostbin #dataleak
GHOSTBIN.CO: ghostbin.co/paste/4eqoc/raw possibly contains credentials #databreach #email_leak #ghostbin #dataleak
GHOSTBIN.CO: ghostbin.co/paste/3qjk7/raw possibly contains credentials #databreach #email_leak #ghostbin #dataleak
GHOSTBIN.CO: ghostbin.co/paste/3maft/raw possibly contains credentials #databreach #email_leak #ghostbin #dataleak
GITHUB: The file github.com/Debian/apt/blob/2… possibly contains a private key #github #leak #databreach
GHOSTBIN.CO: ghostbin.co/paste/2v545/raw possibly contains credentials #databreach #email_leak #ghostbin #dataleak
PASTEBIN: pastebin.com/raw/AckkpeDR possibly contains an IP address and password combination PASTEBIN: pastebin.com/raw/axSNjXff possibly contains an IP address and password combination #pastebin #databreach #dataleak
GITHUB: The file github.com/Maxul/Rendezvous-… possibly contains a ssh private key #github #leak #databreach
GHOSTBIN.CO: ghostbin.co/paste/4fjfx/raw possibly contains credentials #databreach #email_leak #ghostbin #dataleak
GHOSTBIN.CO: ghostbin.co/paste/2b5du/raw possibly contains credentials #databreach #email_leak #ghostbin #dataleak
GITHUB: The file github.com/Need4Speak/Python… possibly contains a private key #github #leak #databreach
GITHUB: The file github.com/abhay01071986/ter… possibly contains a ssh private key #github #leak #databreach
GHOSTBIN.CO: ghostbin.co/paste/38wqx/raw possibly contains credentials #databreach #email_leak #ghostbin #dataleak
GHOSTBIN.CO: ghostbin.co/paste/3snt8/raw possibly contains credentials #databreach #email_leak #ghostbin #dataleak
GHOSTBIN.CO: ghostbin.co/paste/44hcn/raw possibly contains credentials #databreach #email_leak #ghostbin #dataleak
GITHUB: The file github.com/minhtancnttptit/D… possibly contains a private key #github #leak #databreach
GHOSTBIN.CO: ghostbin.co/paste/3ae7g/raw possibly contains credentials #databreach #email_leak #ghostbin #dataleak
PASTEBIN: pastebin.com/raw/3t71chXh possibly contains an API key PASTEBIN: pastebin.com/raw/nxUxQmFL possibly contains a MySQL connect string #pastebin #databreach #dataleak
GITHUB: The file github.com/Milanovic-dev/Vit… possibly contains a ssh private key #github #leak #databreach
GHOSTBIN.CO: ghostbin.co/paste/2mjj6/raw possibly contains credentials #databreach #email_leak #ghostbin #dataleak
GHOSTBIN.CO: ghostbin.co/paste/375q2/raw possibly contains credentials #databreach #email_leak #ghostbin #dataleak
GITHUB: The file github.com/Chrizzly/libunico… possibly contains a ssh private key #github #leak #databreach
GITHUB: The file github.com/mgood7123/Android… possibly contains a ssh private key #github #leak #databreach
GHOSTBIN.CO: ghostbin.co/paste/3v6re/raw possibly contains credentials #databreach #email_leak #ghostbin #dataleak
GHOSTBIN.CO: ghostbin.co/paste/3neuc/raw possibly contains credentials #databreach #email_leak #ghostbin #dataleak
GITHUB: The file github.com/schem-codes/jenki… possibly contains a ssh private key #github #leak #databreach
GHOSTBIN.CO: ghostbin.co/paste/4hsj8/raw possibly contains credentials #databreach #email_leak #ghostbin #dataleak
GITHUB: The file github.com/GurEn721/secret-b… possibly contains a .htpasswd file #github #leak #databreach
GHOSTBIN.CO: ghostbin.co/paste/3qmvt/raw possibly contains credentials #databreach #email_leak #ghostbin #dataleak
GITHUB: The file github.com/chuangying2017/pr… possibly contains a ssh private key #github #leak #databreach
GITHUB: The file github.com/ctx-solutions-gro… possibly contains a ssh private key #github #leak #databreach
GITHUB: The file github.com/FaizanSh/PGP-Encr… possibly contains a private key #github #leak #databreach
GHOSTBIN.CO: ghostbin.co/paste/3pmkg/raw possibly contains credentials #databreach #email_leak #ghostbin #dataleak
GHOSTBIN.CO: ghostbin.co/paste/3v77t/raw possibly contains credentials #databreach #email_leak #ghostbin #dataleak
GHOSTBIN.CO: ghostbin.co/paste/482dh/raw possibly contains credentials #databreach #email_leak #ghostbin #dataleak
GITHUB: The file github.com/wangrqsh/tomcat_l… possibly contains a private key #github #leak #databreach
GHOSTBIN.CO: ghostbin.co/paste/42a3a/raw possibly contains credentials #databreach #email_leak #ghostbin #dataleak
GHOSTBIN.CO: ghostbin.co/paste/4gp2k/raw possibly contains credentials #databreach #email_leak #ghostbin #dataleak
GITHUB: The file github.com/ajibolashodipo/co… possibly contains a ssh private key #github #leak #databreach
GHOSTBIN.CO: ghostbin.co/paste/24ubv/raw possibly contains credentials #databreach #email_leak #ghostbin #dataleak
GHOSTBIN.CO: ghostbin.co/paste/4akv6/raw possibly contains mail addresses #databreach #email_leak #ghostbin #dataleak
GITHUB: The file github.com/inamine007/Cook_S… possibly contains a ssh private key #github #leak #databreach
GHOSTBIN.CO: ghostbin.co/paste/45oj5/raw possibly contains credentials #databreach #email_leak #ghostbin #dataleak
GITHUB: The file github.com/xingyun86/ppshuai… possibly contains a ssh private key #github #leak #databreach
GHOSTBIN.CO: ghostbin.co/paste/34w57/raw possibly contains credentials #databreach #email_leak #ghostbin #dataleak
GHOSTBIN.CO: ghostbin.co/paste/4fd27/raw possibly contains credentials #databreach #email_leak #ghostbin #dataleak
GITHUB: The file github.com/thomas545/ecommer… possibly contains a ssh private key #github #leak #databreach
GHOSTBIN.CO: ghostbin.co/paste/3etvm/raw possibly contains credentials #databreach #email_leak #ghostbin #dataleak
GHOSTBIN.CO: ghostbin.co/paste/3cdss/raw possibly contains credentials #databreach #email_leak #ghostbin #dataleak
GHOSTBIN.CO: ghostbin.co/paste/4adyu/raw possibly contains credentials #databreach #email_leak #ghostbin #dataleak
GHOSTBIN.CO: ghostbin.co/paste/43d9s/raw possibly contains credentials #databreach #email_leak #ghostbin #dataleak
GITHUB: The file github.com/banaka/chrome-ext… possibly contains a private key #github #leak #databreach
GITHUB: The file github.com/mayankgaur5780/CI… possibly contains a mail configuration #github #leak #databreach
GHOSTBIN.CO: ghostbin.co/paste/42obh/raw possibly contains mail addresses #databreach #email_leak #ghostbin #dataleak
GHOSTBIN.CO: ghostbin.co/paste/44j2k/raw possibly contains mail addresses #databreach #email_leak #ghostbin #dataleak
GHOSTBIN.CO: ghostbin.co/paste/3numk/raw possibly contains credentials #databreach #email_leak #ghostbin #dataleak
GITHUB: The file github.com/mihir254/Heroku/b… possibly contains a ssh private key #github #leak #databreach
GHOSTBIN.CO: ghostbin.co/paste/34y6a/raw possibly contains mail addresses #databreach #email_leak #ghostbin #dataleak
GITHUB: The file github.com/ftahery93/clinic/… possibly contains a mail configuration #github #leak #databreach
GHOSTBIN.CO: ghostbin.co/paste/3334d/raw possibly contains mail addresses #databreach #email_leak #ghostbin #dataleak
GITHUB: The file github.com/ParaFEM/parafem/b… possibly contains a ssh private key #github #leak #databreach
GHOSTBIN.CO: ghostbin.co/paste/3pd3t/raw possibly contains credentials #databreach #email_leak #ghostbin #dataleak
GHOSTBIN.CO: ghostbin.co/paste/2kzwr/raw possibly contains credentials #databreach #email_leak #ghostbin #dataleak
GHOSTBIN.CO: ghostbin.co/paste/3mp5h/raw possibly contains credentials #databreach #email_leak #ghostbin #dataleak
GITHUB: The file github.com/cardeer/WebRTC-an… possibly contains a private key #github #leak #databreach
GITHUB: The file github.com/KateMiha/grid/blo… possibly contains a .htpasswd file #github #leak #databreach
GITHUB: The file github.com/kranthy09/essenti… possibly contains a ssh private key #github #leak #databreach
GHOSTBIN.CO: ghostbin.co/paste/3eyao/raw possibly contains credentials #databreach #email_leak #ghostbin #dataleak
GHOSTBIN.CO: ghostbin.co/paste/2n23r/raw possibly contains mail addresses #databreach #email_leak #ghostbin #dataleak
GITHUB: The file github.com/aurelienProjects/… possibly contains a .htpasswd file #github #leak #databreach
GHOSTBIN.CO: ghostbin.co/paste/2xw9n/raw possibly contains credentials #databreach #email_leak #ghostbin #dataleak
GHOSTBIN.CO: ghostbin.co/paste/482q8/raw possibly contains credentials #databreach #email_leak #ghostbin #dataleak
GITHUB: The file github.com/binchencoder/skyl… possibly contains a ssh private key #github #leak #databreach
GHOSTBIN.CO: ghostbin.co/paste/488hy/raw possibly contains credentials #databreach #email_leak #ghostbin #dataleak
GITHUB: The file github.com/KawaharaKiyohara/… possibly contains a ssh private key #github #leak #databreach
GITHUB: The file github.com/Name404/DP750_GDM… possibly contains a private key #github #leak #databreach
GITHUB: The file github.com/kortho0/kortho/bl… possibly contains a private key #github #leak #databreach
GHOSTBIN.CO: ghostbin.co/paste/3o8gx/raw possibly contains credentials #databreach #email_leak #ghostbin #dataleak
GHOSTBIN.CO: ghostbin.co/paste/49k7o/raw possibly contains credentials #databreach #email_leak #ghostbin #dataleak
GITHUB: The file github.com/martinpaljak/Glob… possibly contains a ssh private key #github #leak #databreach
GITHUB: The file github.com/EugeneGpil/BimonE… possibly contains a ssh private key #github #leak #databreach
GITHUB: The file github.com/jagadeesh-gajula/… possibly contains a private key #github #leak #databreach
GITHUB: The file github.com/huangxuantao/gin/… possibly contains a ssh private key #github #leak #databreach
GITHUB: The file github.com/RickvanB/live-bea… possibly contains a ssh private key #github #leak #databreach
GITHUB: The file github.com/rishavch2104/medi… possibly contains a ssh private key #github #leak #databreach
GHOSTBIN.CO: ghostbin.co/paste/23b4v/raw possibly contains credentials #databreach #email_leak #ghostbin #dataleak
GITHUB: The file github.com/Sunyelw/tomcat-9.… possibly contains a private key #github #leak #databreach
GITHUB: The file github.com/mvsweb/SVTINFRA/b… possibly contains a ssh private key #github #leak #databreach
GHOSTBIN.CO: ghostbin.co/paste/225kv/raw possibly contains credentials #databreach #email_leak #ghostbin #dataleak
GITHUB: The file github.com/fgnna/MyLinuxSetu… possibly contains a private key #github #leak #databreach
GITHUB: The file github.com/kostya1488/sotra/… possibly contains a .htpasswd file #github #leak #databreach
GHOSTBIN.CO: ghostbin.co/paste/3z97z/raw possibly contains credentials #databreach #email_leak #ghostbin #dataleak
GHOSTBIN.CO: ghostbin.co/paste/22jhz/raw possibly contains credentials #databreach #email_leak #ghostbin #dataleak
GITHUB: The file github.com/reckonsys/infra/b… possibly contains a .htpasswd file #github #leak #databreach
GHOSTBIN.CO: ghostbin.co/paste/2443d/raw possibly contains credentials #databreach #email_leak #ghostbin #dataleak
GHOSTBIN.CO: ghostbin.co/paste/3dtc4/raw possibly contains mail addresses #databreach #email_leak #ghostbin #dataleak
GITHUB: The file github.com/kostya1488/timewe… possibly contains a .htpasswd file #github #leak #databreach
GHOSTBIN.CO: ghostbin.co/paste/48yac/raw possibly contains credentials #databreach #email_leak #ghostbin #dataleak
GHOSTBIN.CO: ghostbin.co/paste/3nwau/raw possibly contains credentials #databreach #email_leak #ghostbin #dataleak
GITHUB: The file github.com/clarete/distlib/b… possibly contains a private key #github #leak #databreach
GHOSTBIN.CO: ghostbin.co/paste/2qp82/raw possibly contains credentials #databreach #email_leak #ghostbin #dataleak
GHOSTBIN.CO: ghostbin.co/paste/44qyb/raw possibly contains mail addresses #databreach #email_leak #ghostbin #dataleak
GHOSTBIN.CO: ghostbin.co/paste/46hh9/raw possibly contains credentials #databreach #email_leak #ghostbin #dataleak
GHOSTBIN.CO: ghostbin.co/paste/3h9b3/raw possibly contains credentials #databreach #email_leak #ghostbin #dataleak
GITHUB: The file github.com/wagnert/TechDivis… possibly contains a filezilla configuration file #github #leak #databreach
GITHUB: The file github.com/vsolodkyi/web-ser… possibly contains a ssh private key #github #leak #databreach
GHOSTBIN.CO: ghostbin.co/paste/2a6wp/raw possibly contains credentials #databreach #email_leak #ghostbin #dataleak
GHOSTBIN.CO: ghostbin.co/paste/253fh/raw possibly contains credentials #databreach #email_leak #ghostbin #dataleak
GITHUB: The file github.com/ADISTA/vagrant-te… possibly contains a ssh private key #github #leak #databreach
GHOSTBIN.CO: ghostbin.co/paste/3ukvf/raw possibly contains credentials #databreach #email_leak #ghostbin #dataleak
GHOSTBIN.CO: ghostbin.co/paste/38gs6/raw possibly contains credentials #databreach #email_leak #ghostbin #dataleak
GITHUB: The file github.com/gamzattirev/OPCUA… possibly contains a ssh private key #github #leak #databreach
GHOSTBIN.CO: ghostbin.co/paste/2cnwe/raw possibly contains credentials #databreach #email_leak #ghostbin #dataleak
GHOSTBIN.CO: ghostbin.co/paste/2e48d/raw possibly contains credentials #databreach #email_leak #ghostbin #dataleak
GITHUB: The file github.com/templain/distribu… possibly contains a ssh private key #github #leak #databreach
GHOSTBIN.CO: ghostbin.co/paste/2ttnn/raw possibly contains credentials #databreach #email_leak #ghostbin #dataleak
GHOSTBIN.CO: ghostbin.co/paste/3x3yr/raw possibly contains credentials #databreach #email_leak #ghostbin #dataleak
GHOSTBIN.CO: ghostbin.co/paste/3d3yp/raw possibly contains credentials #databreach #email_leak #ghostbin #dataleak
GHOSTBIN.CO: ghostbin.co/paste/32xq2/raw possibly contains credentials #databreach #email_leak #ghostbin #dataleak
GITHUB: The file github.com/robertchoi80/ktc-… possibly contains a ssh private key #github #leak #databreach
GITHUB: The file github.com/truongthiphuongth… possibly contains a private key #github #leak #databreach
GHOSTBIN.CO: ghostbin.co/paste/3bkmo/raw possibly contains mail addresses #databreach #email_leak #ghostbin #dataleak
GITHUB: The file github.com/aaronshang/acl/bl… possibly contains a ssh private key #github #leak #databreach
GITHUB: The file github.com/confledis/laradoc… possibly contains a putty ssh private key file #github #leak #databreach
GITHUB: The file github.com/mikamiryuugo/the-… possibly contains a ssh private key #github #leak #databreach
GHOSTBIN.CO: ghostbin.co/paste/2w9qq/raw possibly contains credentials #databreach #email_leak #ghostbin #dataleak
GHOSTBIN.CO: ghostbin.co/paste/2hxpp/raw possibly contains a whole email #databreach #email_leak #ghostbin #dataleak
GITHUB: The file github.com/lfirefly/gin/blob… possibly contains a ssh private key #github #leak #databreach
GHOSTBIN.CO: ghostbin.co/paste/2nftx/raw possibly contains credentials #databreach #email_leak #ghostbin #dataleak
GHOSTBIN.CO: ghostbin.co/paste/2vmv3/raw possibly contains credentials #databreach #email_leak #ghostbin #dataleak
GHOSTBIN.CO: ghostbin.co/paste/2ta7w/raw possibly contains credentials #databreach #email_leak #ghostbin #dataleak
GITHUB: The file github.com/tanaka5901/happy/… possibly contains a ssh private key #github #leak #databreach
GITHUB: The file github.com/Wennder/organizad… possibly contains a private key #github #leak #databreach
GHOSTBIN.CO: ghostbin.co/paste/33noy/raw possibly contains credentials #databreach #email_leak #ghostbin #dataleak
GHOSTBIN.CO: ghostbin.co/paste/2twpj/raw possibly contains credentials #databreach #email_leak #ghostbin #dataleak
GHOSTBIN.CO: ghostbin.co/paste/3p6u2/raw possibly contains credentials #databreach #email_leak #ghostbin #dataleak
GITHUB: The file github.com/sescobb27/EasyBus… possibly contains a ssh private key #github #leak #databreach
GHOSTBIN.CO: ghostbin.co/paste/3gx36/raw possibly contains credentials #databreach #email_leak #ghostbin #dataleak
GITHUB: The file github.com/rktaiwala/Essenti… possibly contains a .htpasswd file #github #leak #databreach
GHOSTBIN.CO: ghostbin.co/paste/28jxe/raw possibly contains credentials #databreach #email_leak #ghostbin #dataleak
GHOSTBIN.CO: ghostbin.co/paste/3bbf5/raw possibly contains credentials #databreach #email_leak #ghostbin #dataleak
GITHUB: The file github.com/LH1151418000/LH_m… possibly contains a ssh private key #github #leak #databreach
GHOSTBIN.CO: ghostbin.co/paste/4jgrf/raw possibly contains credentials #databreach #email_leak #ghostbin #dataleak
GITHUB: The file github.com/chinnurtb/erlc2dm… possibly contains a ssh private key #github #leak #databreach
GHOSTBIN.CO: ghostbin.co/paste/4bfk9/raw possibly contains credentials #databreach #email_leak #ghostbin #dataleak
GHOSTBIN.CO: ghostbin.co/paste/2mhyf/raw possibly contains credentials #databreach #email_leak #ghostbin #dataleak
GITHUB: The file github.com/chinnurtb/zotonic… possibly contains a ssh private key #github #leak #databreach
GHOSTBIN.CO: ghostbin.co/paste/346gs/raw possibly contains credentials #databreach #email_leak #ghostbin #dataleak
GITHUB: The file github.com/brayhandeaza/coll… possibly contains a ssh private key #github #leak #databreach
GITHUB: The file github.com/thisisnohi/nohith… possibly contains a ssh private key #github #leak #databreach
GHOSTBIN.CO: ghostbin.co/paste/42ucr/raw possibly contains credentials #databreach #email_leak #ghostbin #dataleak
GITHUB: The file github.com/alula/alu-lk2nd/b… possibly contains a ssh private key #github #leak #databreach
GITHUB: The file github.com/adamromayor/Twitt… possibly contains a private key #github #leak #databreach
GHOSTBIN.CO: ghostbin.co/paste/3zve5/raw possibly contains mail addresses #databreach #email_leak #ghostbin #dataleak
GHOSTBIN.CO: ghostbin.co/paste/3jaaf/raw possibly contains credentials #databreach #email_leak #ghostbin #dataleak
GHOSTBIN.CO: ghostbin.co/paste/3hoqg/raw possibly contains credentials #databreach #email_leak #ghostbin #dataleak
GHOSTBIN.CO: ghostbin.co/paste/3uuze/raw possibly contains credentials #databreach #email_leak #ghostbin #dataleak
GITHUB: The file github.com/mdstev1/mdstev1.g… possibly contains a .htpasswd file #github #leak #databreach
GHOSTBIN.CO: ghostbin.co/paste/2gnm7/raw possibly contains credentials #databreach #email_leak #ghostbin #dataleak
GITHUB: The file github.com/eliason-j/eliason… possibly contains a .htpasswd file #github #leak #databreach
GITHUB: The file github.com/aeslava97/flaskAp… possibly contains a ssh private key #github #leak #databreach
PASTEBIN: pastebin.com/raw/QaFCGa6z possibly contains a SQL dump PASTEBIN: pastebin.com/raw/t2tREj57 possibly contains an IP address and password combination #pastebin #databreach #dataleak
GITHUB: The file github.com/enovatic/facturie… possibly contains a ssh private key #github #leak #databreach
GHOSTBIN.CO: ghostbin.co/paste/24n4k/raw possibly contains credentials #databreach #email_leak #ghostbin #dataleak
GITHUB: The file github.com/hsmtkk/squid5_ssl… possibly contains a private key #github #leak #databreach
GHOSTBIN.CO: ghostbin.co/paste/275kd/raw possibly contains credentials #databreach #email_leak #ghostbin #dataleak
GITHUB: The file github.com/cboggs/openstack-… possibly contains a ssh private key #github #leak #databreach
GITHUB: The file github.com/hicode/distributi… possibly contains a .htpasswd file #github #leak #databreach
GHOSTBIN.CO: ghostbin.co/paste/23f78/raw possibly contains credentials #databreach #email_leak #ghostbin #dataleak
GHOSTBIN.CO: ghostbin.co/paste/2er64/raw possibly contains credentials #databreach #email_leak #ghostbin #dataleak
GHOSTBIN.CO: ghostbin.co/paste/4bhnd/raw possibly contains credentials #databreach #email_leak #ghostbin #dataleak
GHOSTBIN.CO: ghostbin.co/paste/23eay/raw possibly contains credentials #databreach #email_leak #ghostbin #dataleak
GHOSTBIN.CO: ghostbin.co/paste/4ka7w/raw possibly contains credentials #databreach #email_leak #ghostbin #dataleak
GITHUB: The file github.com/rbxeyl/crashpad/b… possibly contains a private key #github #leak #databreach
GHOSTBIN.CO: ghostbin.co/paste/3jj6p/raw possibly contains credentials #databreach #email_leak #ghostbin #dataleak
GITHUB: The file github.com/ftahery93/citizen… possibly contains a mail configuration #github #leak #databreach
GITHUB: The file github.com/HelloMvcoutinho/J… possibly contains a ssh private key #github #leak #databreach
GHOSTBIN.CO: ghostbin.co/paste/327g5/raw possibly contains credentials #databreach #email_leak #ghostbin #dataleak
GITHUB: The file github.com/demoode/ready-rep… possibly contains a ssh private key #github #leak #databreach
GITHUB: The file github.com/divyeshvala/SafeB… possibly contains a ssh private key #github #leak #databreach
GITHUB: The file github.com/k2gadu/sip-ptt/bl… possibly contains a ssh private key #github #leak #databreach
GITHUB: The file github.com/iphcncom/joyplus-… possibly contains a ssh private key #github #leak #databreach
GHOSTBIN.CO: ghostbin.co/paste/4fv3s/raw possibly contains credentials #databreach #email_leak #ghostbin #dataleak
GITHUB: The file github.com/Kayes18996/Astero… possibly contains a mail configuration #github #leak #databreach
GITHUB: The file github.com/fatihacet/dropbox… possibly contains a private key #github #leak #databreach
GITHUB: The file github.com/joegeto/ForexNEAT… possibly contains a ssh private key #github #leak #databreach
GHOSTBIN.CO: ghostbin.co/paste/44qb9/raw possibly contains credentials #databreach #email_leak #ghostbin #dataleak
GHOSTBIN.CO: ghostbin.co/paste/2f9qj/raw possibly contains mail addresses #databreach #email_leak #ghostbin #dataleak
GITHUB: The file github.com/ygkee/epesi/blob/… possibly contains a ssh private key #github #leak #databreach
GITHUB: The file github.com/rm511130/Tanzu-Wo… possibly contains a ssh private key #github #leak #databreach
GITHUB: The file github.com/LuisChM/Plataform… possibly contains a mail configuration #github #leak #databreach
GITHUB: The file github.com/savannahipsen/sat… possibly contains a private key #github #leak #databreach
GHOSTBIN.CO: ghostbin.co/paste/2jkvq/raw possibly contains credentials #databreach #email_leak #ghostbin #dataleak
GHOSTBIN.CO: ghostbin.co/paste/3ew2c/raw possibly contains credentials #databreach #email_leak #ghostbin #dataleak
GHOSTBIN.CO: ghostbin.co/paste/2yfuc/raw possibly contains mail addresses #databreach #email_leak #ghostbin #dataleak
GITHUB: The file github.com/alvesbarbara/ads-… possibly contains a ssh private key #github #leak #databreach
GITHUB: The file github.com/sumanthparepalli/… possibly contains a ssh private key #github #leak #databreach
GHOSTBIN.CO: ghostbin.co/paste/4ecu8/raw possibly contains credentials #databreach #email_leak #ghostbin #dataleak
GHOSTBIN.CO: ghostbin.co/paste/34ow7/raw possibly contains credentials #databreach #email_leak #ghostbin #dataleak
GITHUB: The file github.com/rogerwim/pi_globe… possibly contains a ssh private key #github #leak #databreach
GHOSTBIN.CO: ghostbin.co/paste/3zncy/raw possibly contains credentials #databreach #email_leak #ghostbin #dataleak
GHOSTBIN.CO: ghostbin.co/paste/2239z/raw possibly contains credentials #databreach #email_leak #ghostbin #dataleak
GHOSTBIN.CO: ghostbin.co/paste/2q9qh/raw possibly contains credentials #databreach #email_leak #ghostbin #dataleak
GITHUB: The file github.com/neil-cartwright/s… possibly contains a putty ssh private key file #github #leak #databreach
GHOSTBIN.CO: ghostbin.co/paste/39n9c/raw possibly contains credentials #databreach #email_leak #ghostbin #dataleak
GHOSTBIN.CO: ghostbin.co/paste/3d5ug/raw possibly contains credentials #databreach #email_leak #ghostbin #dataleak
GITHUB: The file github.com/philipblee/Pyrami… possibly contains a ssh private key #github #leak #databreach
GHOSTBIN.CO: ghostbin.co/paste/2w6yx/raw possibly contains mail addresses #databreach #email_leak #ghostbin #dataleak
GHOSTBIN.CO: ghostbin.co/paste/2n7r6/raw possibly contains credentials #databreach #email_leak #ghostbin #dataleak
GITHUB: The file github.com/zertyuiop/ports-2… possibly contains a filezilla configuration file #github #leak #databreach
GHOSTBIN.CO: ghostbin.co/paste/2y4j3/raw possibly contains credentials #databreach #email_leak #ghostbin #dataleak
GHOSTBIN.CO: ghostbin.co/paste/23opy/raw possibly contains credentials #databreach #email_leak #ghostbin #dataleak
GITHUB: The file github.com/PritiShaw/VisaPle… possibly contains a ssh private key #github #leak #databreach
GHOSTBIN.CO: ghostbin.co/paste/3h9ac/raw possibly contains mail addresses #databreach #email_leak #ghostbin #dataleak
GITHUB: The file github.com/kubikubo96/new_ca… possibly contains a mail configuration #github #leak #databreach
GHOSTBIN.CO: ghostbin.co/paste/49wuv/raw possibly contains mail addresses #databreach #email_leak #ghostbin #dataleak
GHOSTBIN.CO: ghostbin.co/paste/3k2eu/raw possibly contains credentials #databreach #email_leak #ghostbin #dataleak
GITHUB: The file github.com/EduardoVega/k8s-t… possibly contains a ssh private key #github #leak #databreach
GITHUB: The file github.com/spapas/PdfSignerJ… possibly contains a private key #github #leak #databreach
GHOSTBIN.CO: ghostbin.co/paste/3h265/raw possibly contains credentials #databreach #email_leak #ghostbin #dataleak
GITHUB: The file github.com/visahackathon2020… possibly contains a ssh private key #github #leak #databreach
GITHUB: The file github.com/ashish453/BY-HDFI… possibly contains a .htpasswd file #github #leak #databreach
GITHUB: The file github.com/SovereignCloudSta… possibly contains a ssh private key #github #leak #databreach
GITHUB: The file github.com/JohnnyOliveirasp/… possibly contains a ssh private key #github #leak #databreach
GHOSTBIN.CO: ghostbin.co/paste/4fqjz/raw possibly contains credentials #databreach #email_leak #ghostbin #dataleak
GITHUB: The file github.com/cpate3/istio-1.6.… possibly contains a ssh private key #github #leak #databreach
GITHUB: The file github.com/pa1945/auto_deplo… possibly contains a ssh private key #github #leak #databreach
GHOSTBIN.CO: ghostbin.co/paste/3vvds/raw possibly contains credentials #databreach #email_leak #ghostbin #dataleak
GITHUB: The file github.com/fpiper/emacs/blob… possibly contains a private key #github #leak #databreach
GHOSTBIN.CO: ghostbin.co/paste/49hsa/raw possibly contains credentials #databreach #email_leak #ghostbin #dataleak
GHOSTBIN.CO: ghostbin.co/paste/27rs8/raw possibly contains mail addresses #databreach #email_leak #ghostbin #dataleak
GITHUB: The file github.com/dlbarger/research… possibly contains a ssh private key #github #leak #databreach
GITHUB: The file github.com/gzayan/tba-hack/b… possibly contains a ssh private key #github #leak #databreach
GHOSTBIN.CO: ghostbin.co/paste/2chvx/raw possibly contains mail addresses #databreach #email_leak #ghostbin #dataleak
GITHUB: The file github.com/paterva/maltego-t… possibly contains a private key #github #leak #databreach
GHOSTBIN.CO: ghostbin.co/paste/2twz4/raw possibly contains credentials #databreach #email_leak #ghostbin #dataleak
GHOSTBIN.CO: ghostbin.co/paste/35nsn/raw possibly contains credentials #databreach #email_leak #ghostbin #dataleak
GHOSTBIN.CO: ghostbin.co/paste/2xozu/raw possibly contains credentials #databreach #email_leak #ghostbin #dataleak
GITHUB: The file github.com/jocic/BASH.LocalD… possibly contains a private key #github #leak #databreach
GHOSTBIN.CO: ghostbin.co/paste/4cnvp/raw possibly contains a SQL dump #databreach #sql_leak #ghostbin #dataleak
GITHUB: The file github.com/sc420/Plugbot-Enh… possibly contains a ssh private key #github #leak #databreach
GHOSTBIN.CO: ghostbin.co/paste/4kjct/raw possibly contains credentials #databreach #email_leak #ghostbin #dataleak
GITHUB: The file github.com/Xerozzz/DISM_SP/b… possibly contains a ssh private key #github #leak #databreach
GITHUB: The file github.com/EugeniyArpo/test-… possibly contains a .htpasswd file #github #leak #databreach
GHOSTBIN.CO: ghostbin.co/paste/2ywjs/raw possibly contains credentials #databreach #email_leak #ghostbin #dataleak
GHOSTBIN.CO: ghostbin.co/paste/2txpq/raw possibly contains credentials #databreach #email_leak #ghostbin #dataleak
GITHUB: The file github.com/sa4250mnpo70/open… possibly contains a ssh private key #github #leak #databreach
GHOSTBIN.CO: ghostbin.co/paste/3orak/raw possibly contains credentials #databreach #email_leak #ghostbin #dataleak
GHOSTBIN.CO: ghostbin.co/paste/2s88a/raw possibly contains credentials #databreach #email_leak #ghostbin #dataleak
GHOSTBIN.CO: ghostbin.co/paste/3krfo/raw possibly contains credentials #databreach #email_leak #ghostbin #dataleak
GHOSTBIN.CO: ghostbin.co/paste/3ukxy/raw possibly contains mail addresses #databreach #email_leak #ghostbin #dataleak
GITHUB: The file github.com/Shakil-Mehrab/vue… possibly contains a mail configuration #github #leak #databreach
GITHUB: The file github.com/ljsman/ScottEffec… possibly contains a ssh private key #github #leak #databreach
GITHUB: The file github.com/Hokalaka2/Members… possibly contains a ssh private key #github #leak #databreach
GITHUB: The file github.com/AhMobin/uni-migra… possibly contains a mail configuration #github #leak #databreach
GHOSTBIN.CO: ghostbin.co/paste/47cjg/raw possibly contains credentials #databreach #email_leak #ghostbin #dataleak
GHOSTBIN.CO: ghostbin.co/paste/34uho/raw possibly contains credentials #databreach #email_leak #ghostbin #dataleak
GITHUB: The file github.com/AugustoCiuffolett… possibly contains a private key #github #leak #databreach
GHOSTBIN.CO: ghostbin.co/paste/2s57a/raw possibly contains credentials #databreach #email_leak #ghostbin #dataleak
GHOSTBIN.CO: ghostbin.co/paste/2f3pe/raw possibly contains credentials #databreach #email_leak #ghostbin #dataleak
GITHUB: The file github.com/Hokalaka2/Twitter… possibly contains a ssh private key #github #leak #databreach
GHOSTBIN.CO: ghostbin.co/paste/2suhg/raw possibly contains credentials #databreach #email_leak #ghostbin #dataleak
GHOSTBIN.CO: ghostbin.co/paste/474h2/raw possibly contains mail addresses #databreach #email_leak #ghostbin #dataleak
GHOSTBIN.CO: ghostbin.co/paste/24a9e/raw possibly contains credentials #databreach #email_leak #ghostbin #dataleak
GITHUB: The file github.com/SillasVinicius/Pr… possibly contains a ssh private key #github #leak #databreach
GITHUB: The file github.com/gary60405/DAMP-St… possibly contains a private key #github #leak #databreach
GITHUB: The file github.com/libuv/ci-tmp-libu… possibly contains a ssh private key #github #leak #databreach
GHOSTBIN.CO: ghostbin.co/paste/34j4e/raw possibly contains credentials #databreach #email_leak #ghostbin #dataleak
GHOSTBIN.CO: ghostbin.co/paste/3g7mg/raw possibly contains credentials #databreach #email_leak #ghostbin #dataleak
GITHUB: The file github.com/flannois/CalculMe… possibly contains a private key #github #leak #databreach
GITHUB: The file github.com/percona/percona-s… possibly contains a private key #github #leak #databreach
GHOSTBIN.CO: ghostbin.co/paste/2hcm6/raw possibly contains credentials #databreach #email_leak #ghostbin #dataleak
GHOSTBIN.CO: ghostbin.co/paste/28dha/raw possibly contains mail addresses #databreach #email_leak #ghostbin #dataleak
GHOSTBIN.CO: ghostbin.co/paste/2hf9g/raw possibly contains credentials #databreach #email_leak #ghostbin #dataleak
GITHUB: The file github.com/dotmailer/ec-cpaa… possibly contains a ssh private key #github #leak #databreach
GHOSTBIN.CO: ghostbin.co/paste/4dfha/raw possibly contains credentials #databreach #email_leak #ghostbin #dataleak
GHOSTBIN.CO: ghostbin.co/paste/46eqv/raw possibly contains credentials #databreach #email_leak #ghostbin #dataleak
GITHUB: The file github.com/Camineet/pychain/… possibly contains a private key #github #leak #databreach
GITHUB: The file github.com/eaba/SharpPulsar/… possibly contains a .htpasswd file #github #leak #databreach
GHOSTBIN.CO: ghostbin.co/paste/4hsup/raw possibly contains credentials #databreach #email_leak #ghostbin #dataleak
GITHUB: The file github.com/quynhnguyen98/Cod… possibly contains a mail configuration #github #leak #databreach
GHOSTBIN.CO: ghostbin.co/paste/3g9ag/raw possibly contains credentials #databreach #email_leak #ghostbin #dataleak
GITHUB: The file github.com/titonobre/laradoc… possibly contains a putty ssh private key file #github #leak #databreach
GHOSTBIN.CO: ghostbin.co/paste/47n87/raw possibly contains credentials #databreach #email_leak #ghostbin #dataleak
PASTEBIN: pastebin.com/raw/6HjMZZjh possibly contains username:password combinations PASTEBIN: pastebin.com/raw/GDzG2J3X possibly contains username:password combinations #pastebin #databreach #dataleak
GITHUB: The file github.com/Flyfoxs/ngnix_pro… possibly contains a private key #github #leak #databreach
GITHUB: The file github.com/Noardin/chatapp-b… possibly contains a private key #github #leak #databreach
GHOSTBIN.CO: ghostbin.co/paste/234tr/raw possibly contains credentials #databreach #email_leak #ghostbin #dataleak
GITHUB: The file github.com/matiasducid/Regis… possibly contains a mail configuration #github #leak #databreach
PASTEBIN: pastebin.com/raw/zH0GTWXz possibly contains an IP address and password combination PASTEBIN: pastebin.com/raw/2DLpNrFP possibly contains an IP address and password combination #pastebin #databreach #dataleak
GHOSTBIN.CO: ghostbin.co/paste/4k3pn/raw possibly contains credentials #databreach #email_leak #ghostbin #dataleak
GITHUB: The file github.com/suraj-goel/Visa-H… possibly contains a ssh private key #github #leak #databreach
GITHUB: The file github.com/fmonpelat/TDL-Jul… possibly contains a ssh private key #github #leak #databreach
GHOSTBIN.CO: ghostbin.co/paste/4h9u2/raw possibly contains credentials #databreach #email_leak #ghostbin #dataleak
GITHUB: The file github.com/red-patch/tomcat8… possibly contains a private key #github #leak #databreach
GHOSTBIN.CO: ghostbin.co/paste/4knnk/raw possibly contains credentials #databreach #email_leak #ghostbin #dataleak
GHOSTBIN.CO: ghostbin.co/paste/3b4o7/raw possibly contains credentials #databreach #email_leak #ghostbin #dataleak
GHOSTBIN.CO: ghostbin.co/paste/3mkex/raw possibly contains credentials #databreach #email_leak #ghostbin #dataleak
GITHUB: The file github.com/duts123/mercantes… possibly contains a ssh private key #github #leak #databreach
GHOSTBIN.CO: ghostbin.co/paste/2dj5q/raw possibly contains credentials #databreach #email_leak #ghostbin #dataleak
GITHUB: The file github.com/vivek-goyal/krypt… possibly contains a ssh private key #github #leak #databreach
GITHUB: The file github.com/idirall22/gateway… possibly contains a private key #github #leak #databreach
GHOSTBIN.CO: ghostbin.co/paste/2ekt5/raw possibly contains credentials #databreach #email_leak #ghostbin #dataleak
GHOSTBIN.CO: ghostbin.co/paste/4bczm/raw possibly contains credentials #databreach #email_leak #ghostbin #dataleak
GHOSTBIN.CO: ghostbin.co/paste/34pfy/raw possibly contains credentials #databreach #email_leak #ghostbin #dataleak
GITHUB: The file github.com/andreapaci/bookke… possibly contains a private key #github #leak #databreach
GITHUB: The file github.com/MinoruSoga/larave… possibly contains a ssh private key #github #leak #databreach
GITHUB: The file github.com/leon-anavi/meta-r… possibly contains a private key #github #leak #databreach
GHOSTBIN.CO: ghostbin.co/paste/34hc4/raw possibly contains credentials #databreach #email_leak #ghostbin #dataleak
GITHUB: The file github.com/WHUT-XGP/browser-… possibly contains a private key #github #leak #databreach
GITHUB: The file github.com/annelindeandersen… possibly contains a mail configuration #github #leak #databreach
GHOSTBIN.CO: ghostbin.co/paste/2eo4f/raw possibly contains credentials #databreach #email_leak #ghostbin #dataleak
GHOSTBIN.CO: ghostbin.co/paste/428jq/raw possibly contains credentials #databreach #email_leak #ghostbin #dataleak
GITHUB: The file github.com/AbingPj/Epawn2/bl… possibly contains a mail configuration #github #leak #databreach
GITHUB: The file github.com/burgesQ/docker-go… possibly contains a private key #github #leak #databreach
GHOSTBIN.CO: ghostbin.co/paste/3uazw/raw possibly contains credentials #databreach #email_leak #ghostbin #dataleak
GITHUB: The file github.com/diegoba73/sireme/… possibly contains a mail configuration #github #leak #databreach
GITHUB: The file github.com/samhwang/hackinto… possibly contains a ssh private key #github #leak #databreach
GHOSTBIN.CO: ghostbin.co/paste/3bea5/raw possibly contains credentials #databreach #email_leak #ghostbin #dataleak
GITHUB: The file github.com/hernad/okd4-snc-q… possibly contains a filezilla configuration file #github #leak #databreach
GHOSTBIN.CO: ghostbin.co/paste/3mmh8/raw possibly contains credentials #databreach #email_leak #ghostbin #dataleak
GHOSTBIN.CO: ghostbin.co/paste/4a2wy/raw possibly contains credentials #databreach #email_leak #ghostbin #dataleak
GHOSTBIN.CO: ghostbin.co/paste/4bqx3/raw possibly contains credentials #databreach #email_leak #ghostbin #dataleak
GITHUB: The file github.com/hos1992/doi/blob/… possibly contains a mail configuration #github #leak #databreach
GHOSTBIN.CO: ghostbin.co/paste/2neym/raw possibly contains credentials #databreach #email_leak #ghostbin #dataleak
GHOSTBIN.CO: ghostbin.co/paste/3dz5s/raw possibly contains credentials #databreach #email_leak #ghostbin #dataleak
GITHUB: The file github.com/secondTheOuz/Vuln… possibly contains a private key #github #leak #databreach
GITHUB: The file github.com/Methylase/Dregist… possibly contains a mail configuration #github #leak #databreach
GITHUB: The file github.com/RiteishOnGIT/GoLa… possibly contains a private key #github #leak #databreach
GITHUB: The file github.com/Mark-enfortis-tec… possibly contains a private key #github #leak #databreach
GHOSTBIN.CO: ghostbin.co/paste/3fyqj/raw possibly contains credentials #databreach #email_leak #ghostbin #dataleak
GITHUB: The file github.com/anirudh9909/flutt… possibly contains a private key #github #leak #databreach
GHOSTBIN.CO: ghostbin.co/paste/22wmu/raw possibly contains credentials #databreach #email_leak #ghostbin #dataleak
GHOSTBIN.CO: ghostbin.co/paste/2k3nq/raw possibly contains credentials #databreach #email_leak #ghostbin #dataleak
GITHUB: The file github.com/Snowee/GDA/blob/4… possibly contains a ssh private key #github #leak #databreach
GHOSTBIN.CO: ghostbin.co/paste/249eh/raw possibly contains credentials #databreach #email_leak #ghostbin #dataleak
GHOSTBIN.CO: ghostbin.co/paste/4cfet/raw possibly contains credentials #databreach #email_leak #ghostbin #dataleak
GITHUB: The file github.com/marcusabu/Autos/b… possibly contains a private key #github #leak #databreach
GHOSTBIN.CO: ghostbin.co/paste/32z8g/raw possibly contains credentials #databreach #email_leak #ghostbin #dataleak
Ummmm Maybe... but nope! #infosec #osint
GITHUB: The file github.com/Otus-DevOps-2020-… possibly contains a ssh private key #github #leak #databreach
GITHUB: The file github.com/Piccolo-ks/blini/… possibly contains a ssh private key #github #leak #databreach
GITHUB: The file github.com/MrtDolphin0128/ch… possibly contains a ssh private key #github #leak #databreach
PASTEBIN: pastebin.com/raw/NmuTHFzJ possibly contains an IP address and password combination PASTEBIN: pastebin.com/raw/ViGDCtsc possibly contains an IP address and password combination #pastebin #databreach #dataleak
GITHUB: The file github.com/neolea/neolea-tra… possibly contains a ssh private key #github #leak #databreach
PASTEBIN: pastebin.com/raw/FjXhw4FA possibly contains an IP address and password combination PASTEBIN: pastebin.com/raw/e2yTWgqz possibly contains an IP address and password combination #pastebin #databreach #dataleak
GHOSTBIN.CO: ghostbin.co/paste/3sq34/raw possibly contains credentials #databreach #email_leak #ghostbin #dataleak
PASTEBIN: pastebin.com/raw/znAcT0bg possibly contains an IP address and password combination PASTEBIN: pastebin.com/raw/8c029gCY possibly contains an IP address and password combination #pastebin #databreach #dataleak
GITHUB: The file github.com/ignatius97/sooma/… possibly contains a mail configuration #github #leak #databreach
GHOSTBIN.CO: ghostbin.co/paste/3n5gs/raw possibly contains a SQL dump #databreach #sql_leak #ghostbin #dataleak
GITHUB: The file github.com/egepsihora/home-d… possibly contains a private key #github #leak #databreach
GHOSTBIN.CO: ghostbin.co/paste/2472n/raw possibly contains credentials #databreach #email_leak #ghostbin #dataleak
GHOSTBIN.CO: ghostbin.co/paste/2hv27/raw possibly contains credentials #databreach #email_leak #ghostbin #dataleak
GITHUB: The file github.com/avpat/api-for-tv-… possibly contains a ssh private key #github #leak #databreach
GHOSTBIN.CO: ghostbin.co/paste/2pbcj/raw possibly contains credentials #databreach #email_leak #ghostbin #dataleak
GHOSTBIN.CO: ghostbin.co/paste/2zt3a/raw possibly contains credentials #databreach #email_leak #ghostbin #dataleak
GHOSTBIN.CO: ghostbin.co/paste/3pzvk/raw possibly contains credentials #databreach #email_leak #ghostbin #dataleak
GITHUB: The file github.com/jwilloa/Arduino-b… possibly contains a private key #github #leak #databreach
GHOSTBIN.CO: ghostbin.co/paste/39cr6/raw possibly contains credentials #databreach #email_leak #ghostbin #dataleak
GITHUB: The file github.com/DreadsCasey/Krack… possibly contains a private key #github #leak #databreach
GITHUB: The file github.com/arubenruben/LBAW/… possibly contains a mail configuration #github #leak #databreach
GITHUB: The file github.com/airekans/chromium… possibly contains a private key #github #leak #databreach
GITHUB: The file github.com/Romano93/Voki/blo… possibly contains a private key #github #leak #databreach
GHOSTBIN.CO: ghostbin.co/paste/3aufc/raw possibly contains mail addresses #databreach #email_leak #ghostbin #dataleak
GHOSTBIN.CO: ghostbin.co/paste/2v84z/raw possibly contains credentials #databreach #email_leak #ghostbin #dataleak
GHOSTBIN.CO: ghostbin.co/paste/39mnz/raw possibly contains credentials #databreach #email_leak #ghostbin #dataleak
GHOSTBIN.CO: ghostbin.co/paste/2jbfk/raw possibly contains credentials #databreach #email_leak #ghostbin #dataleak
GHOSTBIN.CO: ghostbin.co/paste/28scf/raw possibly contains credentials #databreach #email_leak #ghostbin #dataleak
GHOSTBIN.CO: ghostbin.co/paste/2jdt8/raw possibly contains credentials #databreach #email_leak #ghostbin #dataleak
GHOSTBIN.CO: ghostbin.co/paste/4ewc7/raw possibly contains credentials #databreach #email_leak #ghostbin #dataleak
GHOSTBIN.CO: ghostbin.co/paste/352jc/raw possibly contains credentials #databreach #email_leak #ghostbin #dataleak
GITHUB: The file github.com/seanrmurphy/go-ve… possibly contains a private key #github #leak #databreach
GHOSTBIN.CO: ghostbin.co/paste/44wqw/raw possibly contains credentials #databreach #email_leak #ghostbin #dataleak
GITHUB: The file github.com/RaquelPinto2000/M… possibly contains a ssh private key #github #leak #databreach
GHOSTBIN.CO: ghostbin.co/paste/2dexe/raw possibly contains credentials #databreach #email_leak #ghostbin #dataleak
GHOSTBIN.CO: ghostbin.co/paste/3opk9/raw possibly contains credentials #databreach #email_leak #ghostbin #dataleak
GITHUB: The file github.com/salluriimi/puppet… possibly contains a ssh private key #github #leak #databreach
GITHUB: The file github.com/LowArte/MPTLMS/bl… possibly contains a mail configuration #github #leak #databreach
GHOSTBIN.CO: ghostbin.co/paste/4eepo/raw possibly contains credentials #databreach #email_leak #ghostbin #dataleak
GHOSTBIN.CO: ghostbin.co/paste/3pgqt/raw possibly contains credentials #databreach #email_leak #ghostbin #dataleak
GITHUB: The file github.com/bcgit/bc-java/blo… possibly contains a private key #github #leak #databreach
GHOSTBIN.CO: ghostbin.co/paste/2q4xo/raw possibly contains credentials #databreach #email_leak #ghostbin #dataleak
GHOSTBIN.CO: ghostbin.co/paste/3x6ed/raw possibly contains credentials #databreach #email_leak #ghostbin #dataleak
GITHUB: The file github.com/MulokoPrince/sly/… possibly contains a .htpasswd file #github #leak #databreach
GHOSTBIN.CO: ghostbin.co/paste/3tjca/raw possibly contains credentials #databreach #email_leak #ghostbin #dataleak
GITHUB: The file github.com/nhsconnect/integr… possibly contains a ssh private key #github #leak #databreach
GHOSTBIN.CO: ghostbin.co/paste/3xuk7/raw possibly contains credentials #databreach #email_leak #ghostbin #dataleak
GHOSTBIN.CO: ghostbin.co/paste/2s4p8/raw possibly contains mail addresses #databreach #email_leak #ghostbin #dataleak
GHOSTBIN.CO: ghostbin.co/paste/234hy/raw possibly contains credentials #databreach #email_leak #ghostbin #dataleak
GITHUB: The file github.com/Haiprobaby/sgstar… possibly contains a mail configuration #github #leak #databreach
GHOSTBIN.CO: ghostbin.co/paste/2cqxe/raw possibly contains credentials #databreach #email_leak #ghostbin #dataleak
GITHUB: The file github.com/honeyopp/xcxSyste… possibly contains a private key #github #leak #databreach
GITHUB: The file github.com/vyasishanatc194/v… possibly contains a .htpasswd file #github #leak #databreach
GHOSTBIN.CO: ghostbin.co/paste/2ugae/raw possibly contains credentials #databreach #email_leak #ghostbin #dataleak
GITHUB: The file github.com/AllarVi/master-th… possibly contains a ssh private key #github #leak #databreach
GITHUB: The file github.com/TrueGamer/yhdjs/b… possibly contains a private key #github #leak #databreach
GHOSTBIN.CO: ghostbin.co/paste/36qas/raw possibly contains credentials #databreach #email_leak #ghostbin #dataleak
GITHUB: The file github.com/izmebalu/kopsk8s/… possibly contains a ssh private key #github #leak #databreach
GHOSTBIN.CO: ghostbin.co/paste/3wckj/raw possibly contains a SQL dump #databreach #sql_leak #ghostbin #dataleak
GHOSTBIN.CO: ghostbin.co/paste/2aufu/raw possibly contains credentials #databreach #email_leak #ghostbin #dataleak
GITHUB: The file github.com/ABBANAPURI0445/UK… possibly contains a ssh private key #github #leak #databreach
GHOSTBIN.CO: ghostbin.co/paste/377ue/raw possibly contains mail addresses #databreach #email_leak #ghostbin #dataleak
GHOSTBIN.CO: ghostbin.co/paste/2txqk/raw possibly contains credentials #databreach #email_leak #ghostbin #dataleak
GITHUB: The file github.com/NectarJS/nectarjs… possibly contains a ssh private key #github #leak #databreach
GHOSTBIN.CO: ghostbin.co/paste/3mwt3/raw possibly contains credentials #databreach #email_leak #ghostbin #dataleak
GHOSTBIN.CO: ghostbin.co/paste/3aqo5/raw possibly contains credentials #databreach #email_leak #ghostbin #dataleak
GITHUB: The file github.com/jiangkai23/debug-… possibly contains a private key #github #leak #databreach
GHOSTBIN.CO: ghostbin.co/paste/4f6tg/raw possibly contains credentials #databreach #email_leak #ghostbin #dataleak
GITHUB: The file github.com/mamomu/correios/b… possibly contains a .htpasswd file #github #leak #databreach
GITHUB: The file github.com/aakash03chaudhari… possibly contains a ssh private key #github #leak #databreach
GHOSTBIN.CO: ghostbin.co/paste/3v8tf/raw possibly contains credentials #databreach #email_leak #ghostbin #dataleak
GITHUB: The file github.com/h-hiwatashi/pract… possibly contains a .htpasswd file #github #leak #databreach
GITHUB: The file github.com/infrastructor/inf… possibly contains a ssh private key #github #leak #databreach
GHOSTBIN.CO: ghostbin.co/paste/2rpzz/raw possibly contains credentials #databreach #email_leak #ghostbin #dataleak
GITHUB: The file github.com/huytd-at-local/bo… possibly contains a ssh private key #github #leak #databreach
GHOSTBIN.CO: ghostbin.co/paste/3g92q/raw possibly contains credentials #databreach #email_leak #ghostbin #dataleak
GHOSTBIN.CO: ghostbin.co/paste/3jcqt/raw possibly contains credentials #databreach #email_leak #ghostbin #dataleak
GITHUB: The file github.com/EternityGH/Shop/b… possibly contains a ssh private key #github #leak #databreach
GHOSTBIN.CO: ghostbin.co/paste/2ryyy/raw possibly contains credentials #databreach #email_leak #ghostbin #dataleak
GITHUB: The file github.com/KUSHAD/VIDEO-CHAT… possibly contains a ssh private key #github #leak #databreach
GHOSTBIN.CO: ghostbin.co/paste/4dam9/raw possibly contains credentials #databreach #email_leak #ghostbin #dataleak
GITHUB: The file github.com/masatoshisugita/t… possibly contains a ssh private key #github #leak #databreach
GHOSTBIN.CO: ghostbin.co/paste/2b8qq/raw possibly contains mail addresses #databreach #email_leak #ghostbin #dataleak
GITHUB: The file github.com/ddtoan0512/genk-c… possibly contains a mail configuration #github #leak #databreach
GHOSTBIN.CO: ghostbin.co/paste/3uv8t/raw possibly contains credentials #databreach #email_leak #ghostbin #dataleak
GITHUB: The file github.com/Dooope/Notes/blob… possibly contains a private key #github #leak #databreach
GHOSTBIN.CO: ghostbin.co/paste/2462f/raw possibly contains credentials #databreach #email_leak #ghostbin #dataleak
GITHUB: The file github.com/kongq1983/netty-4… possibly contains a private key #github #leak #databreach
GHOSTBIN.CO: ghostbin.co/paste/4gcoz/raw possibly contains credentials #databreach #email_leak #ghostbin #dataleak
GITHUB: The file github.com/wangqcl/naster/bl… possibly contains a ssh private key #github #leak #databreach
GITHUB: The file github.com/songanqi/sqAdmin/… possibly contains a private key #github #leak #databreach
GITHUB: The file github.com/chainho/tomcat70/… possibly contains a private key #github #leak #databreach
GHOSTBIN.CO: ghostbin.co/paste/3yjpf/raw possibly contains credentials #databreach #email_leak #ghostbin #dataleak
GITHUB: The file github.com/rodzadra/phpdocx/… possibly contains a ssh private key #github #leak #databreach
PASTEBIN: pastebin.com/raw/hPjTZX6Q was posted in the former nulled[.]io forum and possibly contains sensitive information #databreach #infoleak #leak #pastebin
GITHUB: The file github.com/jcarlin/jwt-encod… possibly contains a ssh private key #github #leak #databreach
GHOSTBIN.CO: ghostbin.co/paste/4gmu2/raw possibly contains credentials #databreach #email_leak #ghostbin #dataleak
GHOSTBIN.CO: ghostbin.co/paste/2eyzh/raw possibly contains credentials #databreach #email_leak #ghostbin #dataleak
GHOSTBIN.CO: ghostbin.co/paste/3c7as/raw possibly contains credentials #databreach #email_leak #ghostbin #dataleak
GHOSTBIN.CO: ghostbin.co/paste/3dy6v/raw possibly contains credentials #databreach #email_leak #ghostbin #dataleak
GITHUB: The file github.com/fedora-infra/fedo… possibly contains a private key #github #leak #databreach
GHOSTBIN.CO: ghostbin.co/paste/22ybz/raw possibly contains credentials #databreach #email_leak #ghostbin #dataleak
GITHUB: The file github.com/wangqifan/OOAD/bl… possibly contains a ssh private key #github #leak #databreach
GHOSTBIN.CO: ghostbin.co/paste/2mapt/raw possibly contains credentials #databreach #email_leak #ghostbin #dataleak
GHOSTBIN.CO: ghostbin.co/paste/3wt22/raw possibly contains mail addresses #databreach #email_leak #ghostbin #dataleak
PASTEBIN: pastebin.com/raw/6P07zKXU was posted in the former nulled[.]io forum and possibly contains sensitive information #databreach #infoleak #leak #pastebin
GITHUB: The file github.com/Rustin14/Professi… possibly contains a ssh private key #github #leak #databreach
GITHUB: The file github.com/4d-akamine/test/b… possibly contains a .htpasswd file #github #leak #databreach
GHOSTBIN.CO: ghostbin.co/paste/29fxf/raw possibly contains credentials #databreach #email_leak #ghostbin #dataleak
GHOSTBIN.CO: ghostbin.co/paste/29ymf/raw possibly contains credentials #databreach #email_leak #ghostbin #dataleak
GITHUB: The file github.com/GnorTech/chromium… possibly contains a private key #github #leak #databreach
GITHUB: The file github.com/Nhrun/demo/blob/4… possibly contains a ssh private key #github #leak #databreach
GHOSTBIN.CO: ghostbin.co/paste/258om/raw possibly contains credentials #databreach #email_leak #ghostbin #dataleak
GHOSTBIN.CO: ghostbin.co/paste/2ntqq/raw possibly contains credentials #databreach #email_leak #ghostbin #dataleak
GHOSTBIN.CO: ghostbin.co/paste/2dzdb/raw possibly contains credentials #databreach #email_leak #ghostbin #dataleak
GHOSTBIN.CO: ghostbin.co/paste/39w3q/raw possibly contains onion links #databreach #onion_leak #ghostbin #dataleak
PASTEBIN: pastebin.com/raw/xLhmKg9x was posted in the former nulled[.]io forum and possibly contains sensitive information #databreach #infoleak #leak #pastebin
GHOSTBIN.CO: ghostbin.co/paste/3d3nh/raw possibly contains credentials #databreach #email_leak #ghostbin #dataleak
GHOSTBIN.CO: ghostbin.co/paste/3t89m/raw possibly contains credentials #databreach #email_leak #ghostbin #dataleak
GHOSTBIN.CO: ghostbin.co/paste/3o5st/raw possibly contains credentials #databreach #email_leak #ghostbin #dataleak
GHOSTBIN.CO: ghostbin.co/paste/3hqy6/raw possibly contains credentials #databreach #email_leak #ghostbin #dataleak
GHOSTBIN.CO: ghostbin.co/paste/2pnzn/raw possibly contains credentials #databreach #email_leak #ghostbin #dataleak
GITHUB: The file github.com/cd0ming0/mosip-co… possibly contains a putty ssh private key file #github #leak #databreach
GITHUB: The file github.com/rjl296/poMiner/bl… possibly contains a private key #github #leak #databreach
PASTEBIN: pastebin.com/raw/jPhtTWuF possibly contains an IP address and password combination PASTEBIN: pastebin.com/raw/b7vkx1Kg possibly contains an IP address and password combination #pastebin #databreach #dataleak
GITHUB: The file github.com/Kofi-connection/T… possibly contains a ssh private key #github #leak #databreach
GHOSTBIN.CO: ghostbin.co/paste/3keyg/raw possibly contains onion links #databreach #onion_leak #ghostbin #dataleak
GITHUB: The file github.com/kyrieLiu/node-htt… possibly contains a ssh private key #github #leak #databreach
GITHUB: The file github.com/shwetarathore/Stu… possibly contains a ssh private key #github #leak #databreach
GHOSTBIN.CO: ghostbin.co/paste/2pxq6/raw possibly contains mail addresses #databreach #email_leak #ghostbin #dataleak
GHOSTBIN.CO: ghostbin.co/paste/28f7z/raw possibly contains credentials #databreach #email_leak #ghostbin #dataleak
GITHUB: The file github.com/luca15mx/reto_asa… possibly contains a putty ssh private key file #github #leak #databreach
GITHUB: The file github.com/WeijieSun0915/456… possibly contains a ssh private key #github #leak #databreach
GHOSTBIN.CO: ghostbin.co/paste/4hcp6/raw possibly contains credentials #databreach #email_leak #ghostbin #dataleak
GHOSTBIN.CO: ghostbin.co/paste/3w6q9/raw possibly contains credentials #databreach #email_leak #ghostbin #dataleak
GHOSTBIN.CO: ghostbin.co/paste/48dgt/raw possibly contains credentials #databreach #email_leak #ghostbin #dataleak
GITHUB: The file github.com/HumRuslan/TEST/bl… possibly contains a .htpasswd file #github #leak #databreach
GITHUB: The file github.com/pauletienney/ez5t… possibly contains a filezilla configuration file #github #leak #databreach
PASTEBIN: pastebin.com/raw/D7kQGyxk possibly contains an IP address and password combination PASTEBIN: pastebin.com/raw/B1TNtKPt possibly contains an IP address and password combination #pastebin #databreach #dataleak
GITHUB: The file github.com/365807072/toys_we… possibly contains a private key #github #leak #databreach
GITHUB: The file github.com/neoxolotl/dockers… possibly contains a private key #github #leak #databreach
GHOSTBIN.CO: ghostbin.co/paste/3x9dp/raw possibly contains credentials #databreach #email_leak #ghostbin #dataleak
GITHUB: The file github.com/shibatani/stop_sm… possibly contains a ssh private key #github #leak #databreach
GHOSTBIN.CO: ghostbin.co/paste/25kcj/raw possibly contains mail addresses #databreach #email_leak #ghostbin #dataleak
GITHUB: The file github.com/365807072/gdr/blo… possibly contains a private key #github #leak #databreach
GITHUB: The file github.com/teja0508/Predcit-… possibly contains a ssh private key #github #leak #databreach
GITHUB: The file github.com/xdlianrong/FISCO-… possibly contains a private key #github #leak #databreach
GITHUB: The file github.com/gajgeospatial/ngh… possibly contains a ssh private key #github #leak #databreach
GITHUB: The file github.com/DXH30/sbi_web/blo… possibly contains a mail configuration #github #leak #databreach
GITHUB: The file github.com/bonly/boost-ndk/b… possibly contains a ssh private key #github #leak #databreach
GITHUB: The file github.com/mmenezes/call4cod… possibly contains a ssh private key #github #leak #databreach
GITHUB: The file github.com/gajgeospatial/ope… possibly contains a ssh private key #github #leak #databreach
GITHUB: The file github.com/Jadhielv/first-pw… possibly contains a private key #github #leak #databreach
GITHUB: The file github.com/ambiot/ambd_amazo… possibly contains a private key #github #leak #databreach
GITHUB: The file github.com/zxfskr/ffmpeg_tes… possibly contains a private key #github #leak #databreach
GITHUB: The file github.com/Yusrilaldean/Perp… possibly contains a ssh private key #github #leak #databreach
PASTEBIN: pastebin.com/raw/bknUZ4dY possibly contains a whole email PASTEBIN: pastebin.com/raw/hvmwRNmf possibly contains an IP address and password combination #pastebin #databreach #dataleak
GITHUB: The file github.com/Ke10n9/Shokku_Tak… possibly contains a ssh private key #github #leak #databreach
GHOSTBIN.CO: ghostbin.co/paste/3xpar/raw possibly contains credentials #databreach #email_leak #ghostbin #dataleak
GITHUB: The file github.com/devopsschool-trai… possibly contains a ssh private key #github #leak #databreach
GHOSTBIN.CO: ghostbin.co/paste/3math/raw possibly contains credentials #databreach #email_leak #ghostbin #dataleak
GHOSTBIN.CO: ghostbin.co/paste/39wvm/raw possibly contains credentials #databreach #email_leak #ghostbin #dataleak
GITHUB: The file github.com/cte13/Senior-Caps… possibly contains a ssh private key #github #leak #databreach
GHOSTBIN.CO: ghostbin.co/paste/35zmk/raw possibly contains credentials #databreach #email_leak #ghostbin #dataleak
PASTEBIN: pastebin.com/raw/03GEntmj possibly contains an IP address and password combination PASTEBIN: pastebin.com/raw/ZXeNnwfW possibly contains an IP address and password combination #pastebin #databreach #dataleak
GITHUB: The file github.com/falken01/Symfony-… possibly contains a ssh private key #github #leak #databreach
GHOSTBIN.CO: ghostbin.co/paste/2oarb/raw possibly contains credentials #databreach #email_leak #ghostbin #dataleak
GITHUB: The file github.com/Kohdz/Notebooks/b… possibly contains a ssh private key #github #leak #databreach
GHOSTBIN.CO: ghostbin.co/paste/4ehp2/raw possibly contains credentials #databreach #email_leak #ghostbin #dataleak
PASTEBIN: pastebin.com/raw/eUwF6dqA was posted in the former nulled[.]io forum and possibly contains sensitive information #databreach #infoleak #leak #pastebin
GITHUB: The file github.com/go-spatial/tegola… possibly contains a private key #github #leak #databreach
GHOSTBIN.CO: ghostbin.co/paste/3jry6/raw possibly contains credentials #databreach #email_leak #ghostbin #dataleak
GITHUB: The file github.com/mc2-project/secur… possibly contains a ssh private key #github #leak #databreach
GITHUB: The file github.com/jastakhova/cookbo… possibly contains a ssh private key #github #leak #databreach
PASTEBIN: pastebin.com/raw/Hwtxadfd was posted in the former nulled[.]io forum and possibly contains sensitive information #databreach #infoleak #leak #pastebin
GITHUB: The file github.com/MichaelKirkaldyV/… possibly contains a ssh private key #github #leak #databreach
GHOSTBIN.CO: ghostbin.co/paste/48qzu/raw possibly contains mail addresses #databreach #email_leak #ghostbin #dataleak
GITHUB: The file github.com/raihanlanka/PikQu… possibly contains a ssh private key #github #leak #databreach
PASTEBIN: pastebin.com/raw/bC6vWvZD possibly contains an IP address and password combination PASTEBIN: pastebin.com/raw/uUUmr8KJ possibly contains username:password combinations #pastebin #databreach #dataleak
PASTEBIN: pastebin.com/raw/rQPhpW3s was posted in the former nulled[.]io forum and possibly contains sensitive information #databreach #infoleak #leak #pastebin
GITHUB: The file github.com/mabrarov/docker-c… possibly contains a ssh private key #github #leak #databreach
GHOSTBIN.CO: ghostbin.co/paste/2ajuz/raw possibly contains mail addresses #databreach #email_leak #ghostbin #dataleak
GITHUB: The file github.com/janith/NetworkMan… possibly contains a ssh private key #github #leak #databreach
GHOSTBIN.CO: ghostbin.co/paste/2ow8j/raw possibly contains credentials #databreach #email_leak #ghostbin #dataleak
GITHUB: The file github.com/geckyn/lk2nd/blob… possibly contains a ssh private key #github #leak #databreach
PASTEBIN: pastebin.com/raw/MxAmKhC6 was posted in the former nulled[.]io forum and possibly contains sensitive information #databreach #infoleak #leak #pastebin
GITHUB: The file github.com/t-hiroki/task_lis… possibly contains a ssh private key #github #leak #databreach
GHOSTBIN.CO: ghostbin.co/paste/2zkmy/raw possibly contains credentials #databreach #email_leak #ghostbin #dataleak
GHOSTBIN.CO: ghostbin.co/paste/2kbqa/raw possibly contains credentials #databreach #email_leak #ghostbin #dataleak
GITHUB: The file github.com/zhangxiaocong/air… possibly contains a private key #github #leak #databreach
PASTEBIN: pastebin.com/raw/2pVq2SD4 was posted in the former nulled[.]io forum and possibly contains sensitive information #databreach #infoleak #leak #pastebin
GHOSTBIN.CO: ghostbin.co/paste/4dorf/raw possibly contains credentials #databreach #email_leak #ghostbin #dataleak
GITHUB: The file github.com/marcos-nogueira/R… possibly contains a ssh private key #github #leak #databreach
GHOSTBIN.CO: ghostbin.co/paste/3qsym/raw possibly contains credentials #databreach #email_leak #ghostbin #dataleak
GITHUB: The file github.com/Geovany2909/proye… possibly contains a mail configuration #github #leak #databreach
GHOSTBIN.CO: ghostbin.co/paste/2zoab/raw possibly contains credentials #databreach #email_leak #ghostbin #dataleak
GITHUB: The file github.com/secyourdev/Mifare… possibly contains a private key #github #leak #databreach
GITHUB: The file github.com/kmuga001/TLS_file… possibly contains a ssh private key #github #leak #databreach
GITHUB: The file github.com/bigrammy/kernel-4… possibly contains a ssh private key #github #leak #databreach
GITHUB: The file github.com/borao/visa-hackat… possibly contains a ssh private key #github #leak #databreach
GHOSTBIN.CO: ghostbin.co/paste/277hz/raw possibly contains credentials #databreach #email_leak #ghostbin #dataleak
GHOSTBIN.CO: ghostbin.co/paste/2xqzc/raw possibly contains credentials #databreach #email_leak #ghostbin #dataleak
GHOSTBIN.CO: ghostbin.co/paste/4dgqf/raw possibly contains credentials #databreach #email_leak #ghostbin #dataleak
GITHUB: The file github.com/Luazzo/ACC-back/b… possibly contains a mail configuration #github #leak #databreach
GITHUB: The file github.com/blah-this-blah-th… possibly contains a filezilla configuration file #github #leak #databreach
GHOSTBIN.CO: ghostbin.co/paste/24uau/raw possibly contains credentials #databreach #email_leak #ghostbin #dataleak
GITHUB: The file github.com/peteryu929/cloud_… possibly contains a ssh private key #github #leak #databreach
GITHUB: The file github.com/rvv-r/MIFARE-Game… possibly contains a private key #github #leak #databreach
GHOSTBIN.CO: ghostbin.co/paste/48r7a/raw possibly contains credentials #databreach #email_leak #ghostbin #dataleak
GITHUB: The file github.com/emeka-obi/Pro-Hac… possibly contains a ssh private key #github #leak #databreach
GITHUB: The file github.com/Model2TypeE/AdvMu… possibly contains a ssh private key #github #leak #databreach
PASTEBIN: pastebin.com/raw/S7VCdPMi was posted in the former nulled[.]io forum and possibly contains sensitive information #databreach #infoleak #leak #pastebin
